1843	1	1	0	0	0	000000472623.jpg
1223	1	0	0	0	0	000000569059.jpg
2545	1	0	1	0	0	000000032334.jpg
1617	1	0	0	0	0	000000308165.jpg
245	1	0	0	0	0	000000328430.jpg
214	1	0	0	0	0	000000565877.jpg
225	1	0	0	0	0	000000483999.jpg
1240	1	0	0	0	0	000000233238.jpg
2413	1	0	0	0	0	000000212166.jpg
1685	1	0	0	0	0	000000234607.jpg
2931	0	0	0	0	1	000000456865.jpg
438	1	0	0	0	0	000000173302.jpg
1542	1	0	0	0	0	000000176901.jpg
2685	1	0	1	0	0	000000344029.jpg
1118	1	0	0	0	1	000000109900.jpg
2021	1	0	0	0	0	000000284764.jpg
28	1	0	1	0	0	000000204871.jpg
1614	1	0	0	0	0	000000496571.jpg
896	1	0	0	0	0	000000037988.jpg
1339	1	0	1	0	0	000000127092.jpg
2433	1	0	0	0	0	000000425226.jpg
2374	1	0	1	0	0	000000367680.jpg
1068	1	0	0	0	0	000000085157.jpg
1371	1	1	1	0	0	000000356612.jpg
2066	1	0	0	0	0	000000481480.jpg
2541	1	0	0	0	0	000000310862.jpg
1094	1	0	0	0	0	000000232692.jpg
293	1	0	0	0	0	000000525155.jpg
2111	1	1	1	0	0	000000301376.jpg
76	1	0	0	0	0	000000467176.jpg
2516	1	0	0	0	0	000000515579.jpg
1129	1	0	0	0	0	000000404839.jpg
1445	1	1	1	0	0	000000045596.jpg
1526	1	0	0	0	0	000000291551.jpg
2328	1	0	0	0	0	000000342971.jpg
1229	1	0	0	0	0	000000470773.jpg
258	1	0	0	0	0	000000090891.jpg
1398	1	0	0	0	0	000000414034.jpg
385	1	0	0	0	0	000000246883.jpg
1509	1	0	0	0	0	000000537270.jpg
1341	1	0	0	0	0	000000094326.jpg
759	1	0	0	0	0	000000354547.jpg
352	1	0	0	0	0	000000369675.jpg
2169	1	0	0	0	0	000000375278.jpg
2858	0	0	1	0	0	000000372260.jpg
593	1	1	1	1	0	000000296649.jpg
1137	1	0	0	0	0	000000568710.jpg
1870	1	0	0	1	0	000000292456.jpg
2324	1	0	1	0	0	000000007088.jpg
854	1	0	0	0	0	000000248334.jpg
128	1	0	0	0	0	000000369037.jpg
471	1	0	0	0	0	000000345397.jpg
283	1	0	0	0	0	000000238410.jpg
403	1	0	0	0	0	000000009378.jpg
2682	1	0	1	0	0	000000491464.jpg
1451	1	0	0	0	0	000000578093.jpg
2782	0	0	1	0	0	000000043737.jpg
1271	1	0	0	0	0	000000552842.jpg
1301	1	0	0	0	0	000000577539.jpg
1139	1	0	0	0	0	000000060823.jpg
265	1	0	0	0	0	000000353051.jpg
2061	1	0	0	0	0	000000161978.jpg
234	1	0	0	0	0	000000500423.jpg
765	1	0	0	0	0	000000469246.jpg
44	1	0	0	0	0	000000032887.jpg
553	1	0	0	0	0	000000083540.jpg
2181	1	0	1	0	0	000000514586.jpg
2669	1	0	0	0	0	000000548780.jpg
974	1	1	0	1	0	000000011149.jpg
2634	1	0	0	0	0	000000286553.jpg
1592	1	0	0	0	0	000000062355.jpg
779	1	0	0	0	0	000000493864.jpg
645	1	0	0	0	0	000000026465.jpg
1644	1	0	0	0	0	000000168974.jpg
42	1	1	1	0	0	000000319607.jpg
1986	1	0	0	0	0	000000415727.jpg
21	1	0	0	0	0	000000254016.jpg
1427	1	0	0	0	0	000000012748.jpg
1149	1	0	0	0	0	000000404922.jpg
1478	1	0	0	0	0	000000209530.jpg
103	1	0	1	0	0	000000057672.jpg
1664	1	0	0	0	0	000000005193.jpg
880	1	0	0	0	0	000000518770.jpg
2955	0	0	0	0	1	000000229747.jpg
2939	0	0	0	0	1	000000161044.jpg
2891	0	0	0	1	0	000000572956.jpg
1180	1	0	1	1	0	000000044590.jpg
2845	0	0	1	0	0	000000335177.jpg
1714	1	0	0	0	0	000000177357.jpg
1036	1	0	1	0	0	000000281687.jpg
2375	1	0	1	0	0	000000179265.jpg
809	1	0	0	0	0	000000190853.jpg
1100	1	1	0	0	0	000000306437.jpg
651	1	0	0	0	0	000000133000.jpg
613	1	0	0	0	0	000000067315.jpg
1524	1	0	0	0	0	000000193245.jpg
2768	0	0	1	0	0	000000019042.jpg
1274	1	0	0	0	0	000000356248.jpg
2249	1	0	1	0	0	000000047828.jpg
2552	1	0	0	0	0	000000171611.jpg
1855	1	0	0	0	0	000000554579.jpg
2562	1	0	0	0	0	000000097924.jpg
1413	1	0	0	0	0	000000094614.jpg
2930	0	0	0	0	1	000000404128.jpg
1215	1	0	0	0	0	000000429761.jpg
2684	1	0	0	0	0	000000270297.jpg
337	1	0	0	0	0	000000074733.jpg
2585	1	0	1	0	0	000000155341.jpg
1457	1	0	0	0	0	000000143931.jpg
1950	1	0	1	0	0	000000055150.jpg
1011	1	0	0	0	0	000000166918.jpg
1296	1	0	0	0	0	000000397303.jpg
2202	1	0	1	0	0	000000113235.jpg
655	1	0	1	0	0	000000329614.jpg
679	1	0	0	0	0	000000378873.jpg
899	1	0	1	0	0	000000215723.jpg
1393	1	0	1	0	0	000000209222.jpg
2340	1	0	0	0	0	000000179174.jpg
2947	0	0	0	0	1	000000424776.jpg
2391	1	0	0	0	0	000000408696.jpg
428	1	0	0	0	0	000000009448.jpg
1626	1	0	1	0	0	000000160728.jpg
786	1	0	0	0	0	000000411953.jpg
883	1	0	0	0	0	000000297595.jpg
2703	0	1	1	0	0	000000061108.jpg
750	1	0	0	0	1	000000190676.jpg
1242	1	0	0	0	0	000000356125.jpg
791	1	0	0	0	0	000000231747.jpg
181	1	0	0	0	0	000000115245.jpg
198	1	0	0	0	0	000000451155.jpg
658	1	0	1	0	0	000000567197.jpg
780	1	0	0	0	0	000000133418.jpg
1502	1	0	0	0	0	000000438955.jpg
2302	1	0	0	0	0	000000351096.jpg
464	1	0	1	1	0	000000181542.jpg
713	1	0	0	0	0	000000247917.jpg
1189	1	0	0	0	0	000000257624.jpg
309	1	0	0	0	0	000000172935.jpg
1351	1	1	0	1	0	000000266400.jpg
595	1	0	0	0	0	000000485071.jpg
2620	1	0	0	0	0	000000565045.jpg
2530	1	0	0	0	0	000000204329.jpg
59	1	0	0	0	0	000000336053.jpg
209	1	0	1	1	0	000000213605.jpg
737	1	0	0	0	0	000000272566.jpg
596	1	0	0	0	0	000000296657.jpg
1394	1	0	0	0	0	000000463174.jpg
2438	1	0	0	0	0	000000376093.jpg
753	1	0	0	0	0	000000215259.jpg
2902	0	0	0	1	0	000000472375.jpg
1531	1	0	1	0	0	000000266981.jpg
1775	1	0	1	0	0	000000161128.jpg
1497	1	0	0	0	0	000000004765.jpg
1852	1	0	0	0	0	000000448076.jpg
688	1	0	0	0	0	000000542776.jpg
1040	1	0	0	0	0	000000085089.jpg
1669	1	0	0	0	0	000000406611.jpg
2937	0	0	0	0	1	000000137950.jpg
1616	1	0	0	0	0	000000005060.jpg
1354	1	0	0	0	0	000000356531.jpg
703	1	0	0	0	0	000000018519.jpg
926	1	1	0	0	0	000000076547.jpg
782	1	0	0	1	0	000000534827.jpg
766	1	0	0	0	0	000000321790.jpg
407	1	0	1	0	0	000000058539.jpg
263	1	0	0	0	0	000000303893.jpg
1512	1	0	0	0	0	000000201418.jpg
2780	0	0	1	0	0	000000297681.jpg
1720	1	0	0	0	0	000000464089.jpg
2734	0	0	1	0	1	000000463037.jpg
1027	1	0	0	0	0	000000257084.jpg
1801	1	0	0	0	0	000000046497.jpg
1373	1	0	0	0	0	000000504074.jpg
2230	1	0	0	0	0	000000301718.jpg
18	1	0	0	0	0	000000188465.jpg
1029	1	0	0	0	0	000000527427.jpg
1889	1	0	0	0	0	000000546475.jpg
1327	1	0	0	0	0	000000520264.jpg
962	1	0	0	0	0	000000371552.jpg
849	1	0	0	0	0	000000051712.jpg
251	1	0	0	0	0	000000492282.jpg
330	1	0	1	0	0	000000033759.jpg
2106	1	0	0	0	0	000000252219.jpg
792	1	0	0	0	0	000000125257.jpg
1184	1	1	0	0	0	000000167486.jpg
2492	1	0	0	0	0	000000073153.jpg
2617	1	0	1	1	0	000000376625.jpg
502	1	0	0	0	0	000000312720.jpg
2884	0	0	1	0	0	000000065485.jpg
27	1	0	0	0	0	000000434247.jpg
1731	1	0	0	0	0	000000300276.jpg
466	1	0	0	0	0	000000451879.jpg
2564	1	0	0	0	0	000000327306.jpg
2764	0	0	1	0	0	000000008762.jpg
318	1	0	0	0	0	000000222118.jpg
17	1	0	0	0	0	000000532530.jpg
1409	1	0	0	0	0	000000151938.jpg
1679	1	0	1	0	0	000000087144.jpg
1980	1	0	0	0	0	000000432085.jpg
2861	0	0	1	0	0	000000269942.jpg
814	1	0	0	0	0	000000436617.jpg
2876	0	0	1	0	1	000000485237.jpg
237	1	0	0	0	0	000000099024.jpg
2813	0	0	1	0	0	000000400367.jpg
406	1	0	0	0	0	000000312489.jpg
2127	1	0	0	0	0	000000489842.jpg
2148	1	0	0	0	0	000000530854.jpg
2665	1	0	0	1	0	000000499622.jpg
117	1	0	1	1	0	000000336232.jpg
1364	1	0	1	0	0	000000192716.jpg
1054	1	0	0	0	0	000000576654.jpg
1896	1	0	0	0	0	000000128699.jpg
2168	1	0	0	0	0	000000039405.jpg
2807	0	0	1	0	0	000000429011.jpg
2390	1	0	0	1	0	000000457848.jpg
1777	1	0	0	0	0	000000308587.jpg
1121	1	0	1	0	0	000000560474.jpg
1711	1	0	0	0	0	000000119995.jpg
2862	0	0	1	0	0	000000126592.jpg
167	1	0	0	0	0	000000205324.jpg
1946	1	0	0	1	0	000000399205.jpg
2185	1	0	0	0	0	000000326174.jpg
2122	1	0	0	0	0	000000325991.jpg
368	1	0	0	0	0	000000082986.jpg
704	1	0	0	0	0	000000288862.jpg
2944	0	0	0	0	1	000000199977.jpg
1067	1	0	0	0	0	000000322724.jpg
590	1	0	0	0	0	000000394940.jpg
1388	1	0	0	0	0	000000061747.jpg
507	1	0	0	0	0	000000542127.jpg
1977	1	0	1	0	0	000000350148.jpg
2761	0	0	1	0	0	000000561679.jpg
1114	1	0	0	0	0	000000027972.jpg
2589	1	0	1	0	0	000000138979.jpg
1503	1	0	0	0	0	000000127660.jpg
1836	1	0	0	0	0	000000529939.jpg
624	1	0	0	0	0	000000018193.jpg
1701	1	0	0	0	0	000000079014.jpg
2125	1	0	0	0	0	000000383339.jpg
2757	0	0	1	0	0	000000389566.jpg
1020	1	0	1	1	0	000000396338.jpg
1784	1	0	0	0	0	000000054654.jpg
2809	0	0	1	0	0	000000093154.jpg
25	1	0	0	0	0	000000376900.jpg
1381	1	0	0	0	0	000000012576.jpg
2679	1	0	1	0	0	000000425925.jpg
2463	1	0	0	0	0	000000449909.jpg
1992	1	0	0	0	0	000000161799.jpg
1499	1	1	0	0	0	000000463522.jpg
126	1	0	0	0	0	000000336265.jpg
1500	1	0	0	0	0	000000324258.jpg
2539	1	0	1	0	0	000000245320.jpg
1453	1	0	1	0	0	000000512564.jpg
2288	1	0	0	0	0	000000457559.jpg
1501	1	0	0	0	1	000000479912.jpg
757	1	0	1	0	0	000000157928.jpg
1751	1	0	0	0	0	000000210230.jpg
43	1	0	0	0	0	000000417911.jpg
1028	1	0	0	0	0	000000330818.jpg
1949	1	1	0	0	0	000000448365.jpg
591	1	0	0	0	0	000000214720.jpg
787	1	0	0	0	0	000000043314.jpg
886	1	0	0	0	0	000000395903.jpg
1725	1	0	0	0	0	000000439525.jpg
2149	1	1	0	0	0	000000432553.jpg
727	1	0	0	0	0	000000231580.jpg
1961	1	0	0	0	0	000000448410.jpg
2269	1	0	0	0	0	000000252701.jpg
1475	1	0	0	0	0	000000275058.jpg
2731	0	0	1	0	0	000000196759.jpg
2769	0	0	1	0	0	000000498286.jpg
381	1	0	0	0	0	000000509014.jpg
1903	1	0	0	0	0	000000055002.jpg
129	1	0	0	0	0	000000459153.jpg
1560	1	0	0	0	0	000000545594.jpg
2378	1	0	0	0	0	000000203864.jpg
2243	1	0	0	0	0	000000416451.jpg
2344	1	0	0	0	0	000000474095.jpg
1897	1	0	0	0	0	000000497344.jpg
2693	0	1	0	0	0	000000384527.jpg
127	1	0	0	0	0	000000303499.jpg
1963	1	0	0	0	1	000000497568.jpg
524	1	0	0	0	0	000000329219.jpg
542	1	0	0	1	0	000000255536.jpg
620	1	0	0	0	0	000000558854.jpg
289	1	0	0	0	0	000000574297.jpg
2649	1	0	0	0	0	000000343937.jpg
1233	1	0	0	0	0	000000405249.jpg
904	1	0	0	0	0	000000060090.jpg
2090	1	0	0	0	0	000000071938.jpg
625	1	0	0	0	0	000000272148.jpg
1414	1	0	0	0	0	000000110999.jpg
1625	1	0	0	0	0	000000496597.jpg
603	1	0	0	0	0	000000214753.jpg
1882	1	0	0	0	0	000000530061.jpg
1023	1	1	1	0	0	000000429109.jpg
2083	1	0	0	0	0	000000096493.jpg
1146	1	0	0	0	0	000000011699.jpg
1452	1	0	0	0	0	000000455219.jpg
333	1	0	0	0	0	000000156643.jpg
1856	1	0	0	0	0	000000276055.jpg
1900	1	0	0	0	0	000000136915.jpg
110	1	0	0	0	0	000000008532.jpg
1286	1	0	0	0	0	000000094157.jpg
226	1	0	0	0	0	000000246436.jpg
851	1	0	0	0	0	000000223747.jpg
1583	1	0	0	0	0	000000283520.jpg
217	1	0	0	0	0	000000156292.jpg
943	1	0	0	0	1	000000052017.jpg
1057	1	0	0	0	0	000000175251.jpg
1892	1	0	0	0	0	000000251572.jpg
420	1	0	0	0	0	000000206025.jpg
578	1	0	0	0	0	000000485027.jpg
1968	1	0	0	0	0	000000251824.jpg
1237	1	0	0	0	0	000000085772.jpg
2706	0	1	0	0	0	000000008899.jpg
1716	1	0	0	0	0	000000193743.jpg
2580	1	0	0	0	0	000000581317.jpg
201	1	0	0	0	1	000000205401.jpg
2360	1	0	0	0	0	000000302107.jpg
163	1	0	1	0	0	000000295420.jpg
1805	1	0	0	0	0	000000546219.jpg
2611	1	0	0	0	0	000000007977.jpg
2893	0	0	0	1	0	000000179765.jpg
2720	0	0	1	0	0	000000454661.jpg
1842	1	1	0	0	0	000000439854.jpg
1785	1	0	0	0	0	000000046463.jpg
683	1	1	1	0	0	000000067616.jpg
1295	1	0	0	0	0	000000389109.jpg
2184	1	0	0	0	0	000000530975.jpg
2147	1	0	0	0	0	000000088485.jpg
893	1	0	0	0	0	000000199310.jpg
2439	1	0	0	0	0	000000179487.jpg
1360	1	0	0	1	0	000000143556.jpg
2482	1	0	0	0	0	000000400803.jpg
123	1	0	1	0	0	000000442746.jpg
953	1	0	0	0	0	000000273232.jpg
2596	1	0	0	0	0	000000515828.jpg
1901	1	0	0	0	0	000000341719.jpg
2821	0	0	1	0	0	000000404534.jpg
2310	1	0	0	0	0	000000465806.jpg
1084	1	0	1	0	0	000000167122.jpg
2400	1	0	0	0	0	000000441491.jpg
96	1	0	1	0	0	000000426268.jpg
267	1	0	0	0	0	000000295713.jpg
2022	1	0	0	0	0	000000407646.jpg
1577	1	0	1	1	0	000000463730.jpg
1025	1	0	0	0	0	000000576566.jpg
2092	1	0	0	0	0	000000563470.jpg
2909	0	0	0	1	0	000000488385.jpg
2638	1	0	1	0	0	000000261982.jpg
2604	1	1	0	0	0	000000065288.jpg
1864	1	0	0	0	0	000000292446.jpg
435	1	0	0	0	0	000000353518.jpg
790	1	0	0	0	0	000000026941.jpg
1754	1	0	0	0	0	000000423229.jpg
2270	1	0	0	0	0	000000080671.jpg
365	1	0	1	0	0	000000361506.jpg
1243	1	0	0	0	0	000000405279.jpg
2429	1	0	0	0	0	000000359677.jpg
2727	0	0	1	1	1	000000114770.jpg
2430	1	0	0	0	0	000000212226.jpg
2246	1	0	0	0	0	000000580294.jpg
1234	1	0	0	0	0	000000052996.jpg
967	1	0	0	1	0	000000551794.jpg
610	1	0	0	0	0	000000444142.jpg
1660	1	0	0	0	0	000000382009.jpg
1099	1	0	0	0	0	000000527616.jpg
1209	1	0	0	0	0	000000159399.jpg
2259	1	0	1	0	0	000000432898.jpg
2538	1	0	0	0	0	000000499266.jpg
72	1	0	1	0	0	000000278749.jpg
1330	1	0	0	0	0	000000356428.jpg
1890	1	0	0	0	0	000000341681.jpg
514	1	0	0	0	0	000000001490.jpg
1415	1	0	1	0	0	000000151962.jpg
2563	1	0	0	1	0	000000007816.jpg
2758	0	0	1	0	0	000000354753.jpg
1324	1	0	0	0	0	000000184384.jpg
2071	1	0	0	0	0	000000571598.jpg
1224	1	0	0	0	0	000000200421.jpg
2054	1	0	1	0	0	000000194716.jpg
2027	1	0	0	0	0	000000481386.jpg
2629	1	0	0	0	0	000000139077.jpg
2032	1	0	0	0	0	000000366711.jpg
2837	0	0	1	0	0	000000466156.jpg
972	1	0	1	1	0	000000314251.jpg
2618	1	0	0	0	0	000000540466.jpg
1618	1	0	0	1	0	000000455624.jpg
1232	1	0	0	0	0	000000356094.jpg
2949	0	0	0	0	1	000000208208.jpg
1053	1	0	0	0	0	000000183437.jpg
2327	1	0	0	0	0	000000474039.jpg
1318	1	0	0	0	0	000000331817.jpg
1396	1	0	0	0	0	000000389451.jpg
770	1	0	1	0	0	000000198928.jpg
2165	1	0	1	0	0	000000334309.jpg
1612	1	0	0	0	0	000000578489.jpg
1123	1	0	0	0	0	000000249180.jpg
1913	1	0	0	0	0	000000554735.jpg
8	1	0	0	0	0	000000188439.jpg
138	1	0	0	0	0	000000352684.jpg
672	1	0	0	0	0	000000002006.jpg
1729	1	0	0	0	0	000000013546.jpg
850	1	0	1	0	0	000000436738.jpg
1975	1	0	0	0	0	000000497599.jpg
2151	1	0	0	0	0	000000293300.jpg
816	1	0	1	0	0	000000018837.jpg
1845	1	0	0	0	0	000000489014.jpg
2376	1	0	0	0	0	000000449603.jpg
927	1	0	0	0	0	000000477955.jpg
882	1	0	0	0	0	000000240250.jpg
1127	1	0	0	1	0	000000363875.jpg
1806	1	1	0	0	0	000000447917.jpg
79	1	0	0	0	0	000000033005.jpg
2177	1	0	1	0	0	000000137727.jpg
1392	1	0	0	0	0	000000528705.jpg
338	1	0	0	0	0	000000140270.jpg
360	1	0	0	0	0	000000410650.jpg
508	1	0	0	0	0	000000394677.jpg
878	1	0	0	0	0	000000494188.jpg
2263	1	0	0	0	0	000000244496.jpg
568	1	0	0	0	0	000000042628.jpg
1192	1	0	0	0	0	000000118367.jpg
576	1	0	0	0	0	000000468632.jpg
23	1	0	0	0	0	000000016451.jpg
2026	1	0	0	0	0	000000014439.jpg
1696	1	0	0	0	0	000000193674.jpg
2856	0	0	1	0	0	000000050679.jpg
2510	1	0	0	0	0	000000482800.jpg
184	1	0	0	0	0	000000328238.jpg
557	1	0	0	0	0	000000132703.jpg
2262	1	0	0	0	0	000000088848.jpg
459	1	1	0	0	0	000000132375.jpg
1561	1	0	1	0	0	000000488251.jpg
2157	1	1	0	0	1	000000571857.jpg
905	1	0	0	0	0	000000133819.jpg
1032	1	0	0	0	0	000000224337.jpg
359	1	0	1	0	0	000000148508.jpg
2670	1	0	0	0	0	000000065455.jpg
2256	1	0	0	0	0	000000154358.jpg
618	1	0	0	0	0	000000255749.jpg
2139	1	1	0	0	0	000000563604.jpg
2849	0	0	1	0	0	000000263594.jpg
1225	1	0	1	0	1	000000134886.jpg
907	1	1	1	0	0	000000338625.jpg
748	1	0	0	0	0	000000059598.jpg
541	1	0	0	0	0	000000001584.jpg
652	1	0	0	0	0	000000411530.jpg
2470	1	0	0	0	0	000000146825.jpg
135	1	0	0	0	0	000000254368.jpg
1272	1	0	1	0	0	000000470924.jpg
416	1	0	0	0	0	000000009400.jpg
762	1	0	0	0	0	000000035062.jpg
2625	1	0	0	0	0	000000433980.jpg
1288	1	0	0	0	0	000000397279.jpg
1967	1	1	0	1	0	000000038829.jpg
682	1	0	0	0	0	000000362520.jpg
1346	1	0	0	0	0	000000118921.jpg
1797	1	0	0	1	0	000000308631.jpg
2314	1	0	0	0	0	000000129945.jpg
2701	0	1	0	0	1	000000388258.jpg
1162	1	0	0	0	0	000000060899.jpg
597	1	0	0	0	0	000000575187.jpg
1169	1	0	0	0	0	000000060932.jpg
621	1	0	0	0	1	000000272136.jpg
1281	1	0	0	0	0	000000569273.jpg
2456	1	0	0	0	0	000000007511.jpg
678	1	0	0	0	0	000000206838.jpg
2048	1	0	0	0	0	000000473237.jpg
1173	1	0	0	0	0	000000331280.jpg
1507	1	0	1	0	0	000000283318.jpg
2260	1	0	0	0	0	000000187144.jpg
872	1	0	0	0	0	000000346703.jpg
238	1	0	0	0	0	000000074457.jpg
2272	1	0	1	0	0	000000449312.jpg
2215	1	0	0	0	0	000000006763.jpg
2609	1	0	0	0	0	000000286503.jpg
2875	0	0	1	0	0	000000356169.jpg
802	1	0	0	0	0	000000395633.jpg
2228	1	0	0	0	0	000000252559.jpg
930	1	0	0	0	0	000000264968.jpg
393	1	0	0	0	0	000000451714.jpg
1194	1	0	0	0	0	000000069224.jpg
378	1	0	0	0	0	000000541773.jpg
1779	1	0	1	0	0	000000128372.jpg
735	1	0	0	0	0	000000190637.jpg
447	1	0	0	0	0	000000361730.jpg
1829	1	0	0	0	0	000000513524.jpg
1734	1	0	0	0	0	000000513283.jpg
2398	1	1	1	0	0	000000040083.jpg
304	1	0	0	0	0	000000410496.jpg
594	1	0	0	0	0	000000313034.jpg
1854	1	0	0	0	0	000000423506.jpg
862	1	0	1	0	0	000000191013.jpg
1819	1	0	0	0	0	000000005586.jpg
798	1	0	1	0	0	000000567640.jpg
1103	1	0	0	0	0	000000126226.jpg
1699	1	0	1	0	0	000000382111.jpg
1591	1	0	0	0	0	000000193429.jpg
405	1	0	0	0	0	000000345252.jpg
2941	0	0	0	0	1	000000392481.jpg
580	1	0	0	0	0	000000239274.jpg
1979	1	0	0	0	0	000000276434.jpg
1333	1	0	0	0	0	000000372819.jpg
1831	1	0	0	0	0	000000579070.jpg
986	1	0	0	0	0	000000158660.jpg
2305	1	0	0	0	0	000000138115.jpg
475	1	0	0	0	0	000000394559.jpg
858	1	0	0	0	0	000000182805.jpg
2922	0	0	0	0	1	000000410221.jpg
2335	1	0	1	0	0	000000515025.jpg
341	1	0	0	0	0	000000533493.jpg
2543	1	0	0	0	0	000000507473.jpg
698	1	0	0	0	0	000000469067.jpg
747	1	0	0	0	0	000000493772.jpg
708	1	0	0	0	0	000000485480.jpg
1798	1	0	0	0	0	000000005529.jpg
487	1	0	0	0	0	000000222559.jpg
4	1	0	1	0	0	000000393226.jpg
1566	1	0	0	0	0	000000463690.jpg
638	1	0	0	0	0	000000067406.jpg
1627	1	0	0	0	0	000000512985.jpg
2028	1	0	1	0	0	000000030828.jpg
1201	1	0	0	0	1	000000478862.jpg
1138	1	0	0	0	0	000000445834.jpg
909	1	0	0	0	0	000000060102.jpg
622	1	0	0	0	0	000000182021.jpg
842	1	0	0	0	0	000000248284.jpg
1249	1	0	1	0	0	000000315187.jpg
566	1	0	0	0	0	000000050811.jpg
1649	1	0	0	0	0	000000250901.jpg
223	1	0	0	0	0	000000533145.jpg
364	1	0	0	0	0	000000558114.jpg
1839	1	0	0	0	0	000000144932.jpg
2023	1	0	0	0	0	000000079969.jpg
1266	1	0	0	0	0	000000339823.jpg
2407	1	0	0	0	0	000000171190.jpg
2825	0	0	1	0	0	000000369751.jpg
2777	0	0	1	0	0	000000121506.jpg
2368	1	0	0	0	0	000000506933.jpg
1791	1	0	0	0	0	000000292236.jpg
639	1	0	0	0	0	000000214869.jpg
996	1	0	0	0	0	000000306139.jpg
248	1	0	0	0	0	000000336628.jpg
1096	1	0	0	1	0	000000011511.jpg
112	1	0	0	0	0	000000262487.jpg
784	1	0	0	0	0	000000551215.jpg
2651	1	0	1	0	0	000000393093.jpg
1370	1	0	1	0	0	000000200961.jpg
604	1	0	0	0	0	000000567011.jpg
1859	1	0	0	0	0	000000333402.jpg
1974	1	0	0	0	0	000000505789.jpg
1188	1	0	0	0	0	000000265816.jpg
2442	1	1	0	0	0	000000351530.jpg
125	1	0	0	0	0	000000426376.jpg
976	1	0	0	0	0	000000150417.jpg
1604	1	0	1	0	0	000000005037.jpg
94	1	0	0	0	0	000000229659.jpg
54	1	0	1	0	0	000000032941.jpg
2287	1	0	1	0	0	000000506707.jpg
1962	1	0	0	0	0	000000546717.jpg
2274	1	0	0	1	0	000000178982.jpg
2225	1	0	0	0	0	000000522889.jpg
890	1	0	0	0	0	000000289415.jpg
2680	1	0	0	0	0	000000516038.jpg
2144	1	0	0	0	0	000000383384.jpg
2674	1	0	0	0	0	000000327605.jpg
2357	1	0	0	0	0	000000154644.jpg
281	1	0	0	0	0	000000090956.jpg
1357	1	0	0	0	1	000000504000.jpg
2878	0	0	1	0	0	000000307074.jpg
252	1	0	0	0	0	000000492284.jpg
2278	1	0	0	0	0	000000105264.jpg
2595	1	0	0	0	0	000000171757.jpg
26	1	0	1	0	0	000000507975.jpg
1066	1	0	0	0	0	000000044195.jpg
133	1	0	0	0	0	000000098716.jpg
1009	1	0	0	0	0	000000355325.jpg
395	1	1	0	0	0	000000558213.jpg
2473	1	1	1	0	0	000000138639.jpg
2075	1	0	0	1	0	000000145620.jpg
1307	1	0	0	0	0	000000364557.jpg
633	1	0	0	0	0	000000550714.jpg
2753	0	0	1	0	0	000000283038.jpg
1796	1	0	1	0	0	000000398742.jpg
977	1	0	0	0	0	000000568213.jpg
2458	1	0	0	0	0	000000023899.jpg
2578	1	0	0	0	0	000000179898.jpg
85	1	0	0	0	0	000000540932.jpg
1182	1	0	0	0	0	000000265777.jpg
2014	1	1	1	0	0	000000301135.jpg
760	1	0	1	0	0	000000313588.jpg
454	1	0	0	0	0	000000091406.jpg
1050	1	0	0	0	0	000000191614.jpg
1920	1	0	0	0	0	000000407298.jpg
2926	0	0	0	0	1	000000545407.jpg
1375	1	0	0	0	0	000000151820.jpg
915	1	0	0	0	0	000000223959.jpg
2883	0	0	1	0	0	000000100283.jpg
2316	1	0	0	0	0	000000441247.jpg
1008	1	0	1	0	0	000000437239.jpg
2501	1	0	0	0	0	000000024027.jpg
1238	1	0	0	0	0	000000560911.jpg
532	1	0	0	0	0	000000124442.jpg
626	1	0	0	0	0	000000263966.jpg
2166	1	0	0	0	0	000000154087.jpg
1092	1	0	0	0	0	000000158956.jpg
1987	1	0	0	0	0	000000161781.jpg
348	1	0	0	0	0	000000435206.jpg
2559	1	0	0	0	0	000000491130.jpg
2622	1	0	0	0	0	000000163640.jpg
2766	0	0	1	0	0	000000107087.jpg
2491	1	0	0	0	0	000000179642.jpg
2267	1	0	0	0	0	000000162581.jpg
1235	1	0	0	0	0	000000454404.jpg
2488	1	0	1	0	0	000000105912.jpg
2901	0	0	0	1	0	000000018737.jpg
196	1	0	0	0	0	000000172617.jpg
2549	1	0	0	0	0	000000187990.jpg
835	1	0	0	0	0	000000190923.jpg
308	1	0	0	0	0	000000369541.jpg
690	1	0	0	0	0	000000018491.jpg
687	1	0	0	0	0	000000174123.jpg
745	1	0	1	0	0	000000084170.jpg
148	1	0	1	0	0	000000303566.jpg
307	1	1	1	0	0	000000082821.jpg
2096	1	0	0	0	0	000000465179.jpg
1110	1	0	0	0	0	000000535858.jpg
817	1	0	0	0	0	000000240023.jpg
710	1	0	0	0	0	000000411754.jpg
684	1	0	0	0	0	000000215072.jpg
2234	1	0	0	0	0	000000375469.jpg
2280	1	0	0	0	0	000000154425.jpg
16	1	0	0	0	0	000000032817.jpg
222	1	0	0	0	0	000000328337.jpg
2186	1	0	1	0	0	000000334371.jpg
1874	1	0	0	0	0	000000161397.jpg
1516	1	0	0	0	1	000000348881.jpg
1018	1	0	0	0	0	000000519208.jpg
89	1	0	1	0	0	000000213255.jpg
2217	1	0	0	0	0	000000006771.jpg
2504	1	0	0	0	0	000000572900.jpg
1873	1	0	0	0	0	000000456303.jpg
1808	1	0	1	0	0	000000153011.jpg
582	1	0	0	0	0	000000288430.jpg
1850	1	0	0	0	0	000000292415.jpg
839	1	0	0	0	0	000000297427.jpg
1131	1	0	0	0	0	000000290163.jpg
195	1	0	0	0	0	000000451144.jpg
2345	1	0	0	0	0	000000089078.jpg
1356	1	0	0	1	0	000000192699.jpg
387	1	0	0	0	0	000000074860.jpg
2635	1	0	0	0	0	000000196442.jpg
1220	1	0	0	0	0	000000413395.jpg
888	1	0	0	0	0	000000330369.jpg
231	1	0	0	0	0	000000246454.jpg
436	1	0	0	0	0	000000148719.jpg
1638	1	1	0	0	0	000000087038.jpg
499	1	0	0	0	0	000000345466.jpg
441	1	0	0	0	0	000000181499.jpg
1822	1	0	0	0	0	000000128476.jpg
2047	1	0	0	0	0	000000227478.jpg
2447	1	1	1	1	0	000000122166.jpg
749	1	0	0	0	0	000000461009.jpg
1883	1	0	0	0	0	000000054931.jpg
1790	1	0	0	0	0	000000537991.jpg
2804	0	0	1	0	0	000000572303.jpg
2527	1	0	0	0	0	000000450075.jpg
600	1	0	0	0	0	000000116439.jpg
2187	1	0	0	0	0	000000391722.jpg
1594	1	0	0	0	0	000000398237.jpg
450	1	0	0	0	0	000000009483.jpg
1788	1	0	0	0	0	000000570756.jpg
370	1	0	0	0	0	000000484404.jpg
2924	0	0	0	0	1	000000167540.jpg
316	1	0	0	0	0	000000353180.jpg
775	1	1	1	1	0	000000411938.jpg
995	1	0	0	1	0	000000338905.jpg
1133	1	0	1	1	0	000000085376.jpg
742	1	0	0	1	0	000000256192.jpg
801	1	0	0	1	0	000000141671.jpg
1102	1	0	0	0	0	000000437514.jpg
828	1	0	0	0	0	000000133567.jpg
2140	1	0	0	0	0	000000154004.jpg
2789	0	0	1	0	0	000000338718.jpg
274	1	0	1	0	0	000000025393.jpg
1076	1	0	0	0	0	000000126137.jpg
1222	1	0	0	0	0	000000143068.jpg
88	1	0	0	0	0	000000180487.jpg
517	1	0	0	0	0	000000017899.jpg
773	1	0	0	0	0	000000166165.jpg
1302	1	1	1	0	0	000000184324.jpg
614	1	0	0	0	0	000000206579.jpg
2450	1	0	0	0	0	000000458045.jpg
1051	1	0	0	0	0	000000347265.jpg
1395	1	0	0	0	0	000000577864.jpg
414	1	0	0	0	0	000000148662.jpg
1488	1	0	0	0	0	000000184978.jpg
1580	1	0	0	0	0	000000177015.jpg
522	1	0	0	0	0	000000255483.jpg
2673	1	0	0	0	0	000000425906.jpg
2196	1	0	0	0	0	000000334399.jpg
1919	1	0	0	0	0	000000448256.jpg
2050	1	0	0	0	0	000000522393.jpg
2715	0	1	0	0	0	000000256941.jpg
124	1	0	0	0	0	000000541055.jpg
1849	1	0	0	0	0	000000276024.jpg
2153	1	0	0	0	0	000000563648.jpg
2223	1	0	0	0	0	000000039551.jpg
1555	1	1	1	0	0	000000414510.jpg
736	1	0	0	0	0	000000452784.jpg
55	1	0	0	0	0	000000188592.jpg
478	1	0	0	1	0	000000427338.jpg
1119	1	0	0	0	0	000000085329.jpg
1366	1	0	0	0	0	000000323799.jpg
1827	1	0	0	0	0	000000259571.jpg
2817	0	0	1	0	0	000000107554.jpg
7	1	0	0	0	0	000000327701.jpg
1719	1	0	0	0	0	000000496854.jpg
2502	1	0	0	0	0	000000335328.jpg
2627	1	0	0	0	0	000000057150.jpg
1006	1	0	0	0	0	000000371699.jpg
1284	1	0	0	0	0	000000528314.jpg
2874	0	0	1	0	0	000000057149.jpg
1816	1	0	0	0	0	000000538067.jpg
1148	1	0	0	0	0	000000282037.jpg
1300	1	0	1	0	0	000000511999.jpg
2916	0	0	0	0	1	000000502347.jpg
2508	1	0	1	0	0	000000499181.jpg
2964	0	0	0	0	1	000000449996.jpg
556	1	0	0	0	0	000000370270.jpg
311	1	0	0	0	0	000000459662.jpg
260	1	0	0	0	0	000000197388.jpg
2710	0	1	0	0	0	000000164115.jpg
2453	1	1	1	0	0	000000130386.jpg
39	1	0	0	0	0	000000221291.jpg
1376	1	0	0	0	0	000000250127.jpg
2867	0	0	1	0	0	000000177893.jpg
1866	1	0	0	0	0	000000202339.jpg
2000	1	0	0	0	0	000000137246.jpg
548	1	0	1	0	0	000000230983.jpg
2244	1	0	0	0	0	000000334530.jpg
2677	1	0	0	0	0	000000442306.jpg
63	1	0	0	0	0	000000065736.jpg
443	1	0	0	0	0	000000156924.jpg
97	1	0	0	0	0	000000434459.jpg
324	1	0	1	0	0	000000517069.jpg
1461	1	0	0	0	0	000000373315.jpg
2847	0	0	1	0	0	000000474452.jpg
1077	1	0	0	0	0	000000052413.jpg
2537	1	0	0	0	0	000000351810.jpg
1989	1	0	0	0	0	000000415748.jpg
397	1	0	1	0	0	000000369812.jpg
2696	0	1	1	0	0	000000228436.jpg
1514	1	0	0	0	0	000000471756.jpg
1675	1	0	0	0	0	000000332901.jpg
2160	1	0	0	0	0	000000129492.jpg
1810	1	0	1	0	0	000000357816.jpg
472	1	0	0	0	0	000000132408.jpg
751	1	0	0	0	0	000000002261.jpg
2323	1	0	0	0	0	000000334767.jpg
329	1	0	1	1	0	000000394206.jpg
1166	1	0	0	0	0	000000568814.jpg
2848	0	0	1	0	0	000000124277.jpg
2131	1	0	0	0	0	000000285047.jpg
2480	1	0	0	0	0	000000343453.jpg
1062	1	0	0	0	0	000000167067.jpg
789	1	0	0	0	0	000000280891.jpg
1449	1	0	0	0	0	000000365095.jpg
752	1	0	0	0	0	000000313562.jpg
1956	1	0	0	1	0	000000571264.jpg
700	1	0	0	1	0	000000534605.jpg
900	1	0	0	0	0	000000117425.jpg
1213	1	0	0	0	0	000000544444.jpg
1331	1	0	0	0	0	000000389197.jpg
1214	1	0	0	0	0	000000323263.jpg
119	1	0	0	0	0	000000467315.jpg
2642	1	0	0	0	0	000000163682.jpg
2725	0	0	1	0	0	000000315450.jpg
2277	1	0	0	0	0	000000252716.jpg
1726	1	0	0	0	0	000000038118.jpg
2194	1	0	1	0	1	000000039484.jpg
711	1	1	0	0	0	000000403565.jpg
1219	1	0	0	1	0	000000306893.jpg
1462	1	0	0	0	0	000000078404.jpg
246	1	0	0	0	0	000000123633.jpg
1350	1	0	1	0	0	000000192670.jpg
2073	1	0	0	0	0	000000170191.jpg
2237	1	0	0	0	0	000000047801.jpg
15	1	0	0	0	0	000000516143.jpg
1995	1	1	1	0	0	000000169996.jpg
677	1	0	0	0	0	000000370677.jpg
2174	1	0	0	0	0	000000186873.jpg
2449	1	0	0	0	0	000000326970.jpg
2141	1	0	0	0	0	000000399764.jpg
453	1	1	1	0	0	000000394510.jpg
2052	1	0	0	0	0	000000440475.jpg
2070	1	0	0	0	0	000000424135.jpg
758	1	0	0	0	0	000000239857.jpg
949	1	0	0	0	0	000000469828.jpg
920	1	0	0	0	0	000000199395.jpg
6	1	1	0	1	0	000000008211.jpg
1575	1	0	0	1	0	000000299887.jpg
1226	1	0	1	0	0	000000069356.jpg
772	1	0	1	0	0	000000100624.jpg
2004	1	0	0	0	0	000000292908.jpg
272	1	0	0	0	0	000000426795.jpg
479	1	0	0	0	0	000000107851.jpg
889	1	1	0	1	0	000000125572.jpg
2640	1	0	0	0	0	000000393056.jpg
2705	0	1	1	0	0	000000152771.jpg
2037	1	0	1	0	0	000000292997.jpg
2592	1	0	0	0	0	000000163562.jpg
1743	1	0	0	0	0	000000029984.jpg
1574	1	0	0	1	0	000000226154.jpg
396	1	0	0	0	0	000000066706.jpg
2653	1	0	1	0	0	000000188296.jpg
1905	1	0	0	0	0	000000325347.jpg
1744	1	0	0	0	0	000000374052.jpg
242	1	0	0	0	1	000000099054.jpg
106	1	0	0	0	0	000000033104.jpg
1319	1	0	0	0	0	000000397354.jpg
1915	1	1	0	1	0	000000259830.jpg
1105	1	0	0	0	0	000000445722.jpg
1678	1	0	0	0	0	000000226408.jpg
961	1	0	0	0	0	000000166747.jpg
2523	1	0	0	0	0	000000237071.jpg
1178	1	0	0	0	0	000000224807.jpg
1654	1	0	0	0	0	000000242724.jpg
2648	1	0	0	0	0	000000253819.jpg
1170	1	0	0	0	0	000000519688.jpg
312	1	0	0	0	0	000000410510.jpg
206	1	0	0	0	0	000000049759.jpg
957	1	0	1	1	0	000000158548.jpg
2866	0	0	1	0	0	000000368335.jpg
960	1	0	0	0	0	000000346968.jpg
462	1	0	1	0	0	000000296224.jpg
1455	1	0	0	0	0	000000086582.jpg
101	1	0	0	0	0	000000368961.jpg
2383	1	0	0	0	0	000000040036.jpg
565	1	0	0	0	0	000000501368.jpg
2242	1	0	0	0	0	000000424642.jpg
1872	1	0	0	0	0	000000505451.jpg
1794	1	0	0	0	0	000000144784.jpg
175	1	0	0	0	0	000000172571.jpg
1868	1	0	0	0	0	000000120420.jpg
1256	1	0	0	0	0	000000397133.jpg
640	1	0	0	0	0	000000345941.jpg
1494	1	0	0	0	0	000000365208.jpg
769	1	0	0	0	0	000000149770.jpg
2951	0	0	0	0	1	000000033114.jpg
1404	1	0	0	0	0	000000201072.jpg
2479	1	0	0	0	0	000000400794.jpg
2232	1	0	0	0	0	000000563882.jpg
2525	1	0	0	0	0	000000130579.jpg
9	1	0	0	0	0	000000434204.jpg
2806	0	0	1	0	0	000000355240.jpg
2128	1	0	0	0	0	000000031093.jpg
2503	1	0	0	0	0	000000417249.jpg
2385	1	0	0	0	0	000000007278.jpg
1689	1	0	0	0	0	000000169076.jpg
1510	1	0	1	0	0	000000553669.jpg
2331	1	0	0	0	0	000000261061.jpg
649	1	0	0	0	0	000000149375.jpg
2626	1	0	0	0	0	000000073533.jpg
959	1	0	0	0	0	000000183127.jpg
991	1	0	0	0	0	000000437205.jpg
1474	1	0	0	0	0	000000406129.jpg
1048	1	0	0	0	0	000000150649.jpg
162	1	0	0	0	0	000000516601.jpg
2637	1	0	0	0	0	000000401244.jpg
422	1	0	0	0	0	000000066771.jpg
662	1	1	0	0	0	000000395180.jpg
2036	1	0	0	0	0	000000170116.jpg
2966	0	0	0	0	1	000000495054.jpg
2828	0	0	1	0	0	000000513181.jpg
1894	1	0	0	0	0	000000186042.jpg
142	1	0	0	0	0	000000262587.jpg
1667	1	0	0	0	0	000000570448.jpg
1246	1	0	0	0	0	000000380711.jpg
486	1	0	0	0	0	000000034139.jpg
1932	1	0	0	0	0	000000456496.jpg
1227	1	0	0	0	0	000000388846.jpg
83	1	0	1	0	0	000000057597.jpg
1444	1	0	0	0	0	000000266768.jpg
456	1	0	1	0	0	000000345361.jpg
2483	1	0	0	0	0	000000220584.jpg
1593	1	0	0	1	0	000000078748.jpg
2094	1	0	0	0	0	000000080153.jpg
1851	1	0	0	0	0	000000063047.jpg
285	1	0	0	0	0	000000426836.jpg
1769	1	0	0	0	0	000000243034.jpg
1630	1	0	1	1	0	000000463849.jpg
1298	1	1	1	0	0	000000413689.jpg
12	1	0	0	0	0	000000466986.jpg
1730	1	0	0	0	0	000000292082.jpg
2126	1	0	0	0	0	000000498032.jpg
2681	1	0	0	0	0	000000409542.jpg
2533	1	0	0	0	0	000000089648.jpg
586	1	0	0	0	0	000000140987.jpg
921	1	0	0	0	0	000000559842.jpg
1437	1	0	0	0	0	000000455157.jpg
1861	1	0	0	0	0	000000464476.jpg
2229	1	0	0	0	0	000000334483.jpg
1163	1	0	0	0	0	000000536038.jpg
2843	0	0	1	0	0	000000144706.jpg
1311	1	0	0	0	0	000000290843.jpg
1952	1	0	0	0	0	000000218997.jpg
536	1	0	0	0	0	000000017959.jpg
1568	1	0	0	0	0	000000471893.jpg
460	1	1	1	0	0	000000378139.jpg
2191	1	0	0	0	0	000000178744.jpg
303	1	0	0	0	0	000000082812.jpg
2672	1	0	0	0	0	000000327601.jpg
810	1	0	1	0	0	000000526728.jpg
1677	1	0	0	0	0	000000570471.jpg
2675	1	0	0	0	0	000000475064.jpg
1248	1	0	0	0	0	000000274219.jpg
2565	1	0	1	0	0	000000130699.jpg
509	1	0	0	0	0	000000361919.jpg
218	1	0	0	0	0	000000008844.jpg
956	1	0	1	0	0	000000568147.jpg
2943	0	0	0	0	1	000000543528.jpg
1273	1	0	0	0	0	000000479126.jpg
2062	1	0	0	0	0	000000145597.jpg
873	1	0	0	0	0	000000248400.jpg
1202	1	0	0	0	0	000000274066.jpg
2499	1	0	1	0	0	000000384468.jpg
1386	1	0	0	0	0	000000004395.jpg
1305	1	0	0	0	0	000000241677.jpg
1049	1	0	0	0	0	000000388215.jpg
2702	0	1	0	0	0	000000573094.jpg
2575	1	0	0	0	0	000000523957.jpg
533	1	0	0	0	0	000000484893.jpg
1715	1	0	0	0	0	000000341196.jpg
1059	1	0	0	0	0	000000363666.jpg
327	1	0	0	0	0	000000025560.jpg
1200	1	0	0	0	0	000000036494.jpg
353	1	0	0	0	0	000000164883.jpg
2547	1	0	1	0	0	000000458325.jpg
1603	1	0	0	0	0	000000455597.jpg
1186	1	0	0	0	0	000000364102.jpg
2787	0	0	1	0	1	000000084752.jpg
1285	1	0	0	0	0	000000503755.jpg
2451	1	0	1	0	0	000000269632.jpg
2610	1	0	0	0	0	000000384808.jpg
2120	1	0	0	0	0	000000342367.jpg
120	1	0	0	0	0	000000131444.jpg
1458	1	0	1	0	0	000000324158.jpg
1477	1	0	0	0	0	000000569976.jpg
2133	1	0	0	0	0	000000244099.jpg
2956	0	0	0	0	1	000000022396.jpg
685	1	0	0	0	0	000000460841.jpg
2455	1	0	0	0	0	000000499031.jpg
2612	1	0	0	0	0	000000270122.jpg
1498	1	0	0	0	0	000000176799.jpg
1417	1	0	0	0	0	000000127394.jpg
2784	0	0	1	0	0	000000053994.jpg
1263	1	0	0	0	0	000000372577.jpg
1160	1	0	0	0	0	000000110042.jpg
178	1	0	0	0	0	000000303653.jpg
712	1	0	0	0	0	000000313454.jpg
1260	1	0	0	0	0	000000012120.jpg
2709	0	1	0	0	0	000000274687.jpg
587	1	0	0	0	0	000000190140.jpg
908	1	0	0	0	0	000000084674.jpg
1772	1	0	0	0	0	000000529762.jpg
2907	0	0	0	1	0	000000343934.jpg
788	1	0	0	0	0	000000395575.jpg
1588	1	0	0	0	0	000000406417.jpg
1551	1	0	0	0	0	000000291619.jpg
2671	1	0	0	0	0	000000294831.jpg
1766	1	0	0	0	0	000000177489.jpg
2003	1	0	1	0	0	000000555050.jpg
935	1	0	0	0	0	000000019221.jpg
249	1	0	0	0	0	000000303863.jpg
1108	1	0	0	0	0	000000273711.jpg
421	1	0	0	0	0	000000050380.jpg
2788	0	0	1	0	0	000000017178.jpg
781	1	0	0	1	0	000000338219.jpg
1024	1	0	0	0	0	000000560178.jpg
2252	1	0	0	0	0	000000129756.jpg
2959	0	0	0	0	1	000000338325.jpg
1759	1	0	0	0	0	000000374083.jpg
1179	1	0	1	0	0	000000495146.jpg
1582	1	0	0	0	0	000000398203.jpg
674	1	0	0	0	0	000000468954.jpg
805	1	0	0	0	0	000000190841.jpg
259	1	0	0	0	0	000000271116.jpg
2599	1	0	0	0	0	000000343803.jpg
1705	1	0	0	0	0	000000382125.jpg
2279	1	0	0	0	0	000000465718.jpg
505	1	0	0	0	0	000000492968.jpg
2526	1	0	0	0	0	000000130586.jpg
342	1	0	0	0	0	000000279541.jpg
2247	1	0	0	0	0	000000047819.jpg
2551	1	0	0	0	0	000000532058.jpg
738	1	0	0	0	0	000000518326.jpg
2420	1	0	0	0	0	000000089296.jpg
2318	1	0	0	0	0	000000474021.jpg
834	1	0	0	0	0	000000207306.jpg
24	1	0	0	0	0	000000081988.jpg
1739	1	0	0	0	0	000000267537.jpg
1428	1	0	1	0	0	000000086483.jpg
2033	1	0	1	0	0	000000391290.jpg
2178	1	0	0	0	0	000000547336.jpg
161	1	0	0	0	0	000000352760.jpg
528	1	0	0	0	0	000000222735.jpg
933	1	0	0	0	0	000000199442.jpg
485	1	0	0	0	0	000000402774.jpg
1334	1	0	0	0	0	000000020571.jpg
1218	1	0	0	0	0	000000405195.jpg
1399	1	0	0	0	0	000000258388.jpg
2792	0	0	1	0	0	000000310072.jpg
668	1	0	0	0	0	000000067534.jpg
1181	1	0	0	0	0	000000445999.jpg
813	1	0	0	0	0	000000084362.jpg
1244	1	0	1	1	0	000000380706.jpg
1361	1	0	0	0	0	000000389316.jpg
777	1	0	0	1	0	000000190756.jpg
2889	0	0	0	1	0	000000402433.jpg
2558	1	0	0	0	0	000000409198.jpg
1292	1	0	1	0	0	000000274411.jpg
145	1	0	0	0	0	000000541123.jpg
2953	0	0	0	0	1	000000187745.jpg
2968	0	0	0	0	1	000000135673.jpg
1441	1	0	0	0	0	000000520707.jpg
983	1	0	0	0	0	000000355257.jpg
2855	0	0	1	0	0	000000466416.jpg
1803	1	0	0	0	0	000000439715.jpg
199	1	0	0	0	0	000000107094.jpg
2935	0	0	0	0	1	000000459467.jpg
2961	0	0	0	0	1	000000485802.jpg
2586	1	0	0	0	0	000000319184.jpg
144	1	0	0	0	0	000000278973.jpg
820	1	0	1	0	0	000000428454.jpg
581	1	0	0	0	0	000000304812.jpg
2736	0	0	1	0	0	000000327890.jpg
1456	1	0	0	1	0	000000152120.jpg
2356	1	0	0	0	0	000000490515.jpg
2241	1	0	0	0	0	000000531135.jpg
1349	1	0	0	0	0	000000356505.jpg
1098	1	0	0	0	0	000000093437.jpg
243	1	1	0	0	0	000000279278.jpg
1033	1	0	0	0	0	000000437331.jpg
1423	1	0	1	0	0	000000135604.jpg
1336	1	0	0	0	0	000000315492.jpg
2864	0	0	1	0	0	000000530099.jpg
1109	1	0	1	0	0	000000322864.jpg
2380	1	0	0	0	0	000000154718.jpg
1031	1	0	0	0	0	000000093261.jpg
46	1	0	0	0	0	000000032901.jpg
2351	1	0	0	0	0	000000547854.jpg
1259	1	0	0	0	0	000000331604.jpg
1523	1	1	0	1	0	000000119516.jpg
1205	1	0	0	0	0	000000429718.jpg
2072	1	0	0	0	0	000000391375.jpg
71	1	0	1	0	0	000000426203.jpg
160	1	0	0	0	0	000000066038.jpg
286	1	0	0	0	0	000000500565.jpg
831	1	0	0	0	0	000000231879.jpg
1171	1	0	0	0	0	000000151051.jpg
1434	1	0	0	0	0	000000258541.jpg
273	1	0	0	0	0	000000025386.jpg
1802	1	0	0	0	0	000000013729.jpg
774	1	1	0	0	0	000000190753.jpg
1774	1	0	0	1	0	000000226662.jpg
1645	1	0	0	0	0	000000513041.jpg
2206	1	0	0	0	0	000000416343.jpg
1439	1	0	0	0	0	000000020992.jpg
2652	1	0	0	0	0	000000180101.jpg
2098	1	0	0	1	0	000000481567.jpg
635	1	0	0	0	0	000000132931.jpg
268	1	0	1	0	0	000000369442.jpg
2440	1	0	0	0	0	000000245026.jpg
2445	1	0	0	0	0	000000163118.jpg
2779	0	0	1	0	0	000000484029.jpg
434	1	0	0	0	0	000000197870.jpg
1035	1	0	0	0	0	000000273493.jpg
1424	1	0	0	0	0	000000201148.jpg
2583	1	0	0	0	0	000000548555.jpg
2713	0	1	0	0	0	000000101762.jpg
2104	1	0	0	0	0	000000481582.jpg
2416	1	0	0	0	0	000000261318.jpg
1601	1	0	0	0	0	000000177065.jpg
1310	1	0	0	0	0	000000331799.jpg
140	1	0	0	0	0	000000475572.jpg
2175	1	0	0	0	0	000000023034.jpg
93	1	0	0	0	0	000000377113.jpg
2068	1	0	0	0	0	000000374982.jpg
2933	0	0	0	0	1	000000469174.jpg
418	1	0	0	0	0	000000115898.jpg
1297	1	0	0	0	0	000000012280.jpg
629	1	0	1	1	0	000000165681.jpg
2636	1	1	1	1	0	000000139099.jpg
729	1	0	0	0	0	000000100510.jpg
2364	1	0	0	0	0	000000449579.jpg
1709	1	0	0	0	0	000000079031.jpg
793	1	0	0	0	0	000000493905.jpg
2135	1	0	0	0	0	000000252294.jpg
2721	0	0	1	0	0	000000530470.jpg
2465	1	0	0	0	0	000000515445.jpg
608	1	0	0	0	0	000000018150.jpg
2794	0	0	1	0	0	000000344909.jpg
2346	1	0	0	0	0	000000261116.jpg
2030	1	0	1	0	0	000000342128.jpg
1960	1	0	1	0	0	000000006040.jpg
925	1	0	0	0	0	000000109313.jpg
1596	1	0	0	0	0	000000267169.jpg
1239	1	0	1	0	0	000000511760.jpg
82	1	0	0	0	0	000000393469.jpg
2017	1	0	0	0	0	000000161875.jpg
2756	0	0	1	0	0	000000111036.jpg
2113	1	0	0	0	0	000000506178.jpg
1978	1	0	0	0	0	000000022479.jpg
347	1	0	0	0	0	000000435205.jpg
2778	0	0	1	0	0	000000508602.jpg
693	1	0	0	0	0	000000084031.jpg
2952	0	0	0	0	1	000000384350.jpg
1934	1	1	1	0	0	000000350003.jpg
90	1	0	1	0	0	000000147725.jpg
1676	1	0	0	0	0	000000341094.jpg
2381	1	0	0	1	0	000000244833.jpg
2401	1	0	0	0	0	000000203931.jpg
2046	1	0	0	0	0	000000563349.jpg
2163	1	0	0	0	0	000000063965.jpg
1826	1	0	1	1	0	000000226802.jpg
1917	1	0	0	0	0	000000579321.jpg
2608	1	0	0	0	0	000000302882.jpg
2531	1	0	0	0	0	000000376365.jpg
501	1	1	0	0	0	000000492937.jpg
891	1	0	0	0	0	000000289417.jpg
1923	1	0	1	1	0	000000177934.jpg
2019	1	0	0	0	0	000000161879.jpg
667	1	0	0	0	0	000000018380.jpg
2851	0	0	1	0	0	000000376284.jpg
2198	1	0	0	0	0	000000121417.jpg
2041	1	0	0	0	0	000000014473.jpg
2410	1	0	0	0	0	000000187585.jpg
1745	1	0	0	0	0	000000275749.jpg
997	1	0	0	0	0	000000224222.jpg
550	1	0	0	0	0	000000083531.jpg
262	1	0	1	0	0	000000336658.jpg
1771	1	1	1	0	0	000000210273.jpg
2031	1	0	0	0	0	000000170099.jpg
1294	1	0	0	0	0	000000380913.jpg
875	1	0	1	0	0	000000297562.jpg
2829	0	0	1	0	0	000000279714.jpg
1115	1	0	0	0	0	000000404805.jpg
358	1	0	0	0	0	000000017436.jpg
159	1	0	0	0	0	000000008690.jpg
2138	1	0	0	0	0	000000080273.jpg
2739	0	0	1	0	0	000000323828.jpg
2251	1	0	1	0	0	000000334555.jpg
1621	1	1	1	0	0	000000144333.jpg
2320	1	0	0	0	0	000000261036.jpg
699	1	0	0	0	0	000000100428.jpg
1863	1	0	0	0	0	000000185950.jpg
488	1	0	0	0	0	000000140640.jpg
2719	0	1	0	0	0	000000109055.jpg
1538	1	0	0	0	0	000000529148.jpg
2800	0	0	1	0	0	000000109441.jpg
989	1	0	1	0	0	000000183246.jpg
2303	1	0	0	0	0	000000564091.jpg
1363	1	0	1	0	0	000000086220.jpg
2602	1	1	0	0	0	000000261888.jpg
2011	1	0	0	0	0	000000284743.jpg
2312	1	0	0	0	0	000000121744.jpg
539	1	0	0	0	0	000000009772.jpg
2154	1	0	0	0	0	000000489924.jpg
2554	1	0	1	0	0	000000212573.jpg
2486	1	0	0	0	0	000000482735.jpg
1668	1	0	0	0	0	000000357459.jpg
1902	1	0	0	1	0	000000480985.jpg
1858	1	0	0	0	0	000000144984.jpg
92	1	0	0	0	0	000000147729.jpg
2512	1	0	0	0	0	000000163314.jpg
2738	0	0	1	0	0	000000276720.jpg
2896	0	0	0	1	0	000000273551.jpg
2387	1	0	0	0	0	000000007281.jpg
531	1	1	0	0	0	000000468505.jpg
409	1	0	1	0	0	000000165039.jpg
2852	0	0	1	0	0	000000558558.jpg
1724	1	0	0	0	0	000000062692.jpg
2099	1	0	0	0	0	000000366884.jpg
1196	1	0	0	0	0	000000429690.jpg
1586	1	0	0	0	0	000000439180.jpg
2658	1	0	0	0	0	000000302990.jpg
2284	1	0	0	0	0	000000269121.jpg
118	1	0	0	0	0	000000074092.jpg
157	1	0	0	0	0	000000262631.jpg
452	1	0	0	0	0	000000501005.jpg
2624	1	0	0	0	0	000000286523.jpg
1443	1	0	0	0	0	000000471567.jpg
1112	1	0	0	0	0	000000363840.jpg
1326	1	0	0	0	0	000000036936.jpg
1313	1	0	0	0	0	000000438304.jpg
417	1	0	0	0	0	000000320696.jpg
255	1	0	0	0	0	000000082688.jpg
116	1	0	0	0	0	000000549220.jpg
1432	1	0	0	0	0	000000569825.jpg
357	1	0	0	0	0	000000427034.jpg
546	1	0	1	0	0	000000460347.jpg
592	1	0	0	0	0	000000370375.jpg
874	1	0	0	0	0	000000567886.jpg
1107	1	0	0	0	0	000000142620.jpg
754	1	0	0	0	0	000000362716.jpg
2434	1	0	0	0	0	000000425227.jpg
512	1	0	0	0	0	000000550349.jpg
1683	1	0	0	0	0	000000390246.jpg
344	1	0	0	0	0	000000484351.jpg
2965	0	0	0	0	1	000000293324.jpg
984	1	0	0	0	0	000000060347.jpg
1548	1	0	0	0	0	000000455448.jpg
2091	1	0	0	0	0	000000235784.jpg
2767	0	0	1	0	0	000000528980.jpg
1876	1	0	0	0	0	000000538236.jpg
887	1	1	0	0	0	000000076416.jpg
2464	1	0	1	0	0	000000171382.jpg
150	1	0	0	0	0	000000442836.jpg
29	1	0	0	0	0	000000516173.jpg
212	1	0	0	0	0	000000172649.jpg
2182	1	0	0	0	0	000000277020.jpg
1804	1	0	0	0	0	000000325031.jpg
2474	1	0	0	0	0	000000425361.jpg
49	1	0	0	0	0	000000180383.jpg
1047	1	0	1	0	0	000000027768.jpg
1142	1	0	1	0	0	000000183709.jpg
2245	1	0	0	0	0	000000375493.jpg
563	1	0	0	0	0	000000034417.jpg
2119	1	0	0	0	0	000000293200.jpg
952	1	0	0	0	0	000000387916.jpg
489	1	0	0	0	0	000000476514.jpg
339	1	0	0	0	0	000000058350.jpg
526	1	0	0	0	0	000000509451.jpg
2759	0	0	1	0	0	000000166391.jpg
2487	1	0	0	0	0	000000048564.jpg
2772	0	0	1	0	0	000000017029.jpg
2197	1	0	0	0	0	000000031296.jpg
2418	1	0	0	0	0	000000466125.jpg
2601	1	0	0	0	0	000000253695.jpg
2641	1	0	0	0	0	000000417632.jpg
491	1	0	0	0	0	000000091495.jpg
2403	1	1	0	0	0	000000507037.jpg
465	1	0	0	0	0	000000140583.jpg
2498	1	0	0	0	0	000000294350.jpg
1380	1	0	1	0	0	000000127263.jpg
912	1	0	0	0	0	000000101068.jpg
1800	1	0	0	0	0	000000390555.jpg
2897	0	0	0	1	0	000000270066.jpg
398	1	0	0	0	0	000000050326.jpg
1597	1	0	0	0	0	000000185250.jpg
2333	1	0	0	0	0	000000064462.jpg
2542	1	0	0	0	0	000000351823.jpg
1405	1	0	0	0	0	000000397681.jpg
193	1	0	0	0	0	000000270908.jpg
1083	1	0	1	0	0	000000453841.jpg
1299	1	0	0	1	0	000000430073.jpg
165	1	0	0	0	0	000000025096.jpg
1436	1	0	0	0	0	000000045550.jpg
691	1	1	1	0	0	000000157756.jpg
2755	0	0	1	0	0	000000577976.jpg
2535	1	0	0	0	0	000000237118.jpg
239	1	1	0	0	0	000000107226.jpg
1641	1	0	0	0	0	000000553990.jpg
1442	1	0	0	0	0	000000061960.jpg
806	1	0	0	0	0	000000035197.jpg
897	1	0	0	0	0	000000330396.jpg
2117	1	0	0	0	0	000000571718.jpg
1935	1	0	0	0	0	000000358195.jpg
1151	1	0	0	0	0	000000404923.jpg
2282	1	0	0	0	0	000000326462.jpg
448	1	0	0	0	0	000000148739.jpg
2422	1	0	0	0	0	000000474344.jpg
1021	1	0	0	0	0	000000322610.jpg
1680	1	0	0	0	0	000000308328.jpg
2427	1	1	0	1	0	000000441586.jpg
48	1	0	0	0	0	000000000139.jpg
1466	1	0	0	0	0	000000070229.jpg
2899	0	0	0	1	0	000000410878.jpg
2394	1	0	0	0	0	000000556158.jpg
1587	1	0	0	0	0	000000062353.jpg
192	1	0	0	0	0	000000229948.jpg
423	1	0	0	0	0	000000492758.jpg
1014	1	0	1	0	0	000000158744.jpg
2299	1	0	0	0	0	000000088951.jpg
1838	1	0	0	0	0	000000185890.jpg
1539	1	0	0	0	0	000000275198.jpg
755	1	0	0	0	0	000000133343.jpg
783	1	0	0	0	0	000000084270.jpg
1342	1	0	0	0	0	000000225405.jpg
1567	1	0	0	0	0	000000447314.jpg
2820	0	0	1	1	0	000000230450.jpg
2404	1	0	0	0	0	000000556193.jpg
445	1	0	1	0	0	000000410880.jpg
950	1	0	0	0	0	000000281414.jpg
1074	1	0	0	0	0	000000003255.jpg
1438	1	0	0	0	0	000000438774.jpg
2540	1	0	1	0	0	000000228942.jpg
113	1	0	0	0	0	000000491867.jpg
993	1	1	0	0	0	000000306136.jpg
1485	1	0	0	0	0	000000193162.jpg
2831	0	0	1	0	0	000000214200.jpg
2412	1	0	0	0	0	000000441543.jpg
1865	1	0	0	0	0	000000374369.jpg
1821	1	0	0	0	0	000000407002.jpg
372	1	0	0	0	0	000000476215.jpg
632	1	0	0	0	0	000000370486.jpg
1752	1	0	0	1	0	000000578871.jpg
1818	1	0	0	0	0	000000406997.jpg
1688	1	0	0	0	0	000000128112.jpg
215	1	0	1	1	0	000000230008.jpg
941	1	0	0	0	0	000000011051.jpg
253	1	0	0	0	0	000000500477.jpg
2437	1	0	0	0	0	000000482585.jpg
2910	0	0	0	0	1	000000208901.jpg
515	1	0	0	0	0	000000509403.jpg
1657	1	0	0	0	0	000000332845.jpg
1464	1	0	0	0	0	000000119365.jpg
768	1	0	0	0	1	000000477441.jpg
1172	1	0	0	0	0	000000306700.jpg
1993	1	0	0	0	0	000000047112.jpg
1945	1	0	0	0	0	000000210789.jpg
429	1	0	0	0	0	000000312552.jpg
623	1	0	1	0	0	000000575243.jpg
728	1	0	0	0	0	000000239773.jpg
2572	1	0	0	0	0	000000466602.jpg
41	1	0	0	0	0	000000368752.jpg
279	1	0	0	0	0	000000492362.jpg
1332	1	0	0	0	0	000000151629.jpg
1740	1	0	0	0	0	000000464144.jpg
1320	1	0	0	0	0	000000471087.jpg
451	1	0	0	0	0	000000140556.jpg
419	1	0	0	0	0	000000246968.jpg
256	1	0	0	0	0	000000353027.jpg
2300	1	0	0	0	0	000000203639.jpg
2130	1	0	1	0	0	000000260470.jpg
2786	0	0	1	0	0	000000166664.jpg
183	1	1	1	0	0	000000492077.jpg
1372	1	0	0	0	0	000000553221.jpg
980	1	0	1	0	0	000000396200.jpg
1491	1	0	0	0	0	000000316054.jpg
13	1	0	0	0	0	000000213035.jpg
1885	1	0	1	0	0	000000349860.jpg
35	1	0	0	0	0	000000442463.jpg
1185	1	0	0	0	0	000000396863.jpg
2895	0	0	0	1	0	000000140420.jpg
877	1	0	1	0	0	000000297578.jpg
2938	0	0	0	0	1	000000575205.jpg
219	1	0	0	0	0	000000025228.jpg
1636	1	0	0	0	0	000000111609.jpg
1599	1	0	0	0	0	000000512929.jpg
936	1	0	0	0	0	000000404249.jpg
2150	1	0	0	0	0	000000309678.jpg
717	1	0	0	0	0	000000370813.jpg
1314	1	0	0	0	0	000000045090.jpg
2103	1	0	0	0	0	000000162092.jpg
2726	0	0	1	0	0	000000499775.jpg
529	1	0	0	0	0	000000468501.jpg
235	1	0	1	0	0	000000303818.jpg
659	1	0	0	0	0	000000157601.jpg
185	1	0	0	0	0	000000377393.jpg
1564	1	0	0	0	0	000000512836.jpg
2724	0	0	1	0	0	000000499768.jpg
2505	1	0	0	0	0	000000212453.jpg
2859	0	0	1	0	0	000000366178.jpg
2065	1	0	0	0	0	000000121031.jpg
1365	1	0	0	0	0	000000143572.jpg
1141	1	0	0	0	0	000000224664.jpg
741	1	0	0	0	0	000000428218.jpg
2067	1	0	0	0	0	000000350405.jpg
221	1	1	0	0	0	000000361103.jpg
2195	1	0	0	0	0	000000039480.jpg
182	1	0	0	0	0	000000500270.jpg
2102	1	0	0	0	0	000000448810.jpg
2514	1	0	0	0	0	000000548339.jpg
657	1	0	0	0	0	000000092053.jpg
2914	0	0	0	0	1	000000400922.jpg
2698	0	1	0	1	0	000000070774.jpg
2006	1	0	1	0	0	000000284725.jpg
1470	1	0	0	0	0	000000111207.jpg
1556	1	0	0	1	0	000000553776.jpg
1602	1	0	0	1	0	000000144300.jpg
2448	1	0	0	0	0	000000539962.jpg
2797	0	0	1	0	0	000000447342.jpg
2770	0	0	1	0	0	000000338560.jpg
299	1	0	0	0	0	000000099182.jpg
2201	1	0	0	0	0	000000334417.jpg
2834	0	0	1	0	0	000000515266.jpg
14	1	0	0	0	0	000000319534.jpg
2489	1	1	1	1	0	000000490936.jpg
1329	1	0	0	0	0	000000356427.jpg
2802	0	0	1	0	0	000000418696.jpg
2524	1	0	1	0	0	000000392722.jpg
1879	1	0	0	0	0	000000292488.jpg
2081	1	0	0	0	0	000000579818.jpg
2822	0	0	1	0	0	000000474164.jpg
894	1	0	1	0	0	000000436883.jpg
2294	1	0	0	0	0	000000187243.jpg
1632	1	0	0	0	0	000000013291.jpg
902	1	0	0	0	0	000000527029.jpg
602	1	0	0	0	1	000000001761.jpg
2115	1	0	0	0	0	000000407868.jpg
291	1	1	1	1	0	000000254814.jpg
1757	1	0	0	0	0	000000308545.jpg
985	1	1	1	0	0	000000011197.jpg
1467	1	0	0	0	0	000000143961.jpg
2421	1	0	0	0	0	000000441553.jpg
2085	1	0	0	0	0	000000415990.jpg
1425	1	0	0	0	0	000000545219.jpg
2472	1	0	1	0	0	000000097679.jpg
1704	1	0	0	0	0	000000554156.jpg
2881	0	0	1	1	0	000000462756.jpg
2162	1	0	0	0	0	000000522713.jpg
1659	1	0	0	0	0	000000562229.jpg
2662	1	0	0	0	0	000000262048.jpg
2729	0	0	1	0	0	000000565391.jpg
1269	1	0	0	0	0	000000421757.jpg
2518	1	0	0	0	0	000000376322.jpg
2544	1	0	0	1	0	000000491090.jpg
577	1	0	1	0	0	000000009891.jpg
2358	1	0	0	0	0	000000048153.jpg
1135	1	0	1	0	0	000000290179.jpg
69	1	0	0	0	0	000000073946.jpg
1086	1	0	0	0	0	000000216277.jpg
680	1	0	0	0	0	000000354307.jpg
1981	1	0	0	0	0	000000341973.jpg
2594	1	0	0	0	0	000000122606.jpg
1746	1	0	0	0	0	000000521509.jpg
473	1	0	0	0	0	000000189752.jpg
484	1	0	0	0	0	000000558421.jpg
446	1	0	0	0	0	000000263425.jpg
1723	1	0	0	0	0	000000537827.jpg
1340	1	0	0	0	0	000000495732.jpg
1609	1	0	1	0	0	000000521141.jpg
174	1	0	0	0	0	000000377368.jpg
1161	1	0	0	0	0	000000003553.jpg
36	1	0	0	0	0	000000311392.jpg
2365	1	0	0	0	0	000000572462.jpg
1996	1	0	0	0	0	000000440336.jpg
2330	1	0	0	0	0	000000441286.jpg
38	1	0	0	0	0	000000049259.jpg
2950	0	0	0	0	1	000000500049.jpg
1595	1	0	0	0	0	000000340894.jpg
2832	0	0	1	0	0	000000079034.jpg
1789	1	1	0	0	0	000000193926.jpg
482	1	0	0	0	0	000000058705.jpg
1581	1	1	0	1	0	000000013177.jpg
1446	1	0	1	0	0	000000094751.jpg
1276	1	0	1	0	0	000000176037.jpg
692	1	0	0	0	0	000000297022.jpg
1938	1	0	0	0	0	000000341828.jpg
2796	0	0	1	0	0	000000521052.jpg
108	1	0	0	0	0	000000180560.jpg
440	1	0	0	0	0	000000222458.jpg
334	1	0	0	0	0	000000001000.jpg
122	1	0	0	0	0	000000532855.jpg
845	1	0	0	0	0	000000223738.jpg
442	1	0	0	0	0	000000566524.jpg
2590	1	0	0	0	0	000000474854.jpg
2417	1	0	0	0	0	000000572620.jpg
2468	1	0	0	0	0	000000114049.jpg
2827	0	0	1	0	0	000000416885.jpg
172	1	0	0	0	0	000000565778.jpg
1042	1	0	0	0	0	000000437351.jpg
1589	1	0	0	0	0	000000013201.jpg
1652	1	0	0	0	0	000000562207.jpg
1236	1	0	0	0	0	000000544519.jpg
1623	1	0	0	0	0	000000365521.jpg
469	1	0	0	0	0	000000296231.jpg
818	1	0	0	0	0	000000502168.jpg
1694	1	0	0	0	0	000000439426.jpg
1506	1	0	0	0	0	000000389812.jpg
2692	1	0	0	0	0	000000450559.jpg
2746	0	0	1	0	0	000000033109.jpg
1128	1	0	0	0	0	000000191845.jpg
2423	1	0	1	1	0	000000146667.jpg
1768	1	0	0	0	0	000000062808.jpg
2379	1	0	0	0	0	000000072795.jpg
340	1	0	0	0	0	000000508917.jpg
1820	1	1	0	1	0	000000210394.jpg
1479	1	0	0	0	0	000000438907.jpg
732	1	0	0	0	0	000000460967.jpg
1943	1	0	0	0	0	000000022371.jpg
2051	1	0	0	0	0	000000227482.jpg
58	1	0	0	0	0	000000213171.jpg
1275	1	0	0	0	0	000000233370.jpg
2372	1	0	0	0	0	000000097337.jpg
519	1	0	0	0	0	000000116208.jpg
559	1	0	0	0	0	000000476770.jpg
350	1	0	0	0	0	000000435208.jpg
1007	1	1	0	1	0	000000142324.jpg
1732	1	0	0	0	0	000000455937.jpg
2667	1	0	1	0	0	000000343976.jpg
437	1	0	0	0	0	000000001268.jpg
2833	0	0	1	0	1	000000052412.jpg
856	1	0	0	0	0	000000428562.jpg
2408	1	0	0	0	0	000000400573.jpg
467	1	0	0	0	0	000000345385.jpg
2086	1	0	0	0	0	000000063740.jpg
284	1	0	0	0	0	000000025424.jpg
1002	1	0	0	0	0	000000420840.jpg
1190	1	0	0	1	0	000000069213.jpg
716	1	0	0	0	0	000000395388.jpg
2598	1	0	0	0	0	000000433915.jpg
2496	1	0	0	0	0	000000302536.jpg
2283	1	0	0	0	0	000000023359.jpg
2923	0	0	0	0	1	000000300659.jpg
1884	1	0	0	0	0	000000128675.jpg
746	1	0	0	0	0	000000280779.jpg
954	1	0	0	0	0	000000076625.jpg
402	1	0	0	0	0	000000337055.jpg
1924	1	0	0	0	0	000000259854.jpg
2776	0	0	1	0	0	000000041633.jpg
2342	1	0	0	0	0	000000261097.jpg
1529	1	0	0	0	0	000000086755.jpg
1762	1	0	0	0	0	000000218439.jpg
2043	1	0	0	0	0	000000489611.jpg
1970	1	0	0	0	0	000000309173.jpg
2507	1	0	0	0	0	000000286182.jpg
939	1	0	0	0	0	000000043816.jpg
812	1	0	0	0	0	000000453001.jpg
1343	1	0	0	0	1	000000110721.jpg
2240	1	1	0	0	0	000000531134.jpg
1648	1	0	0	0	0	000000480275.jpg
2176	1	0	0	0	0	000000301563.jpg
2840	0	0	1	0	0	000000240940.jpg
598	1	0	0	0	0	000000231125.jpg
2799	0	0	1	1	0	000000527220.jpg
2216	1	0	0	0	0	000000162415.jpg
544	1	0	0	0	0	000000190007.jpg
2900	0	0	0	1	0	000000048924.jpg
1472	1	0	0	0	0	000000070254.jpg
1600	1	0	0	0	0	000000209829.jpg
558	1	0	0	0	0	000000468577.jpg
349	1	0	0	0	0	000000041990.jpg
892	1	0	0	0	0	000000182923.jpg
2008	1	0	0	0	0	000000153669.jpg
776	1	0	0	0	0	000000289059.jpg
2039	1	0	0	0	0	000000219271.jpg
2660	1	0	0	0	0	000000311190.jpg
2087	1	0	0	0	0	000000186624.jpg
325	1	0	0	0	0	000000173008.jpg
1270	1	0	0	0	0	000000462728.jpg
743	1	0	0	0	0	000000469192.jpg
2495	1	0	1	0	0	000000343496.jpg
879	1	0	0	0	0	000000477805.jpg
1328	1	0	1	0	0	000000356424.jpg
1713	1	0	0	0	0	000000087244.jpg
932	1	0	0	0	0	000000092939.jpg
2064	1	0	0	0	0	000000071877.jpg
213	1	0	0	0	0	000000287347.jpg
474	1	0	0	0	0	000000533816.jpg
2643	1	0	0	0	0	000000401250.jpg
1352	1	0	0	0	0	000000323751.jpg
535	1	0	0	0	0	000000042528.jpg
885	1	0	0	0	0	000000412286.jpg
2519	1	0	0	0	0	000000417285.jpg
1044	1	0	0	0	0	000000232563.jpg
923	1	0	0	0	0	000000117492.jpg
1828	1	0	0	0	0	000000202228.jpg
1150	1	0	0	0	0	000000576955.jpg
2690	1	0	1	0	0	000000417779.jpg
2718	0	1	0	0	0	000000135670.jpg
492	1	0	0	0	0	000000574823.jpg
1545	1	0	0	0	0	000000422670.jpg
301	1	0	0	0	0	000000000885.jpg
1948	1	0	0	0	0	000000325483.jpg
2841	0	0	1	0	0	000000236845.jpg
494	1	0	0	0	0	000000091500.jpg
1355	1	0	1	1	0	000000446651.jpg
141	1	0	0	0	0	000000459195.jpg
2261	1	0	0	0	0	000000473869.jpg
799	1	0	0	0	0	000000371042.jpg
2740	0	0	1	0	0	000000225532.jpg
1758	1	0	0	0	0	000000038210.jpg
1518	1	0	0	0	0	000000479953.jpg
525	1	0	0	0	0	000000148999.jpg
722	1	0	0	0	0	000000419974.jpg
207	1	0	0	0	0	000000139872.jpg
257	1	0	0	0	0	000000082696.jpg
1250	1	0	0	0	0	000000036660.jpg
1911	1	0	0	0	0	000000128748.jpg
121	1	0	0	0	0	000000434548.jpg
1770	1	0	0	0	0	000000013659.jpg
107	1	0	0	0	0	000000336209.jpg
2818	0	0	1	0	0	000000338986.jpg
1795	1	0	0	0	0	000000562581.jpg
503	1	0	0	0	0	000000181666.jpg
2406	1	0	0	0	0	000000474293.jpg
1792	1	0	0	0	0	000000169356.jpg
171	1	0	0	0	0	000000074256.jpg
498	1	0	0	0	0	000000009590.jpg
264	1	0	0	0	0	000000361238.jpg
1143	1	0	0	0	0	000000224675.jpg
439	1	0	0	0	0	000000427256.jpg
2593	1	0	0	0	0	000000581357.jpg
143	1	0	0	0	0	000000238013.jpg
2414	1	0	0	0	0	000000408774.jpg
51	1	0	0	0	0	000000385190.jpg
73	1	0	0	0	0	000000516318.jpg
2329	1	0	0	0	0	000000179141.jpg
1706	1	0	0	0	0	000000046252.jpg
1569	1	0	0	0	0	000000119641.jpg
797	1	0	0	0	0	000000264535.jpg
2588	1	0	0	0	0	000000311002.jpg
224	1	0	0	0	0	000000369310.jpg
1157	1	0	0	0	0	000000019924.jpg
945	1	0	0	0	0	000000068409.jpg
1117	1	0	0	0	0	000000019786.jpg
1748	1	0	0	0	0	000000439593.jpg
131	1	0	0	0	0	000000377239.jpg
2025	1	0	0	0	0	000000399462.jpg
1722	1	0	0	0	0	000000439522.jpg
2607	1	0	1	1	0	000000507667.jpg
2460	1	0	0	0	0	000000122217.jpg
2920	0	0	0	0	1	000000139871.jpg
1468	1	0	0	0	0	000000438876.jpg
1187	1	0	1	0	0	000000421455.jpg
2605	1	0	0	0	0	000000130826.jpg
310	1	0	0	0	0	000000467848.jpg
2013	1	0	0	0	0	000000137294.jpg
1255	1	0	0	0	0	000000257865.jpg
1348	1	0	0	0	0	000000061584.jpg
176	1	0	0	0	0	000000500257.jpg
1576	1	0	0	0	0	000000430961.jpg
611	1	0	0	0	0	000000329456.jpg
1483	1	0	0	0	0	000000455301.jpg
2309	1	0	1	0	0	000000326541.jpg
1422	1	0	0	0	0	000000381360.jpg
477	1	0	0	0	0	000000001353.jpg
2614	1	0	0	0	0	000000294695.jpg
298	1	0	0	0	0	000000451435.jpg
1984	1	0	0	0	0	000000391140.jpg
1419	1	0	0	0	0	000000577959.jpg
1120	1	0	0	0	0	000000314709.jpg
2005	1	0	0	0	0	000000579635.jpg
513	1	0	0	0	0	000000050638.jpg
2877	0	0	1	0	0	000000534394.jpg
2716	0	1	0	0	0	000000245173.jpg
1666	1	0	0	0	0	000000414795.jpg
430	1	0	1	0	0	000000115946.jpg
1620	1	0	0	0	0	000000185292.jpg
1634	1	0	0	0	0	000000316404.jpg
2359	1	0	0	0	0	000000146457.jpg
194	1	0	0	0	0	000000516677.jpg
37	1	0	0	0	0	000000311394.jpg
554	1	0	0	0	0	000000378454.jpg
1703	1	0	0	0	0	000000570539.jpg
392	1	0	0	0	0	000000287874.jpg
1749	1	0	0	0	0	000000103723.jpg
177	1	0	0	0	0	000000270883.jpg
589	1	0	0	0	0	000000321214.jpg
2089	1	0	0	0	0	000000235778.jpg
1280	1	0	0	0	0	000000151480.jpg
275	1	0	0	0	0	000000025394.jpg
1673	1	0	0	0	0	000000160864.jpg
860	1	0	0	0	0	000000576031.jpg
197	1	0	0	0	0	000000492110.jpg
1374	1	0	1	0	0	000000160012.jpg
57	1	0	1	0	0	000000278705.jpg
168	1	0	0	0	0	000000451084.jpg
661	1	0	0	0	0	000000231339.jpg
1914	1	0	0	0	0	000000530162.jpg
1078	1	0	0	0	0	000000421060.jpg
394	1	0	0	0	0	000000320642.jpg
1535	1	0	0	0	0	000000471789.jpg
1090	1	0	0	0	0	000000216296.jpg
830	1	0	0	0	0	000000289222.jpg
1391	1	0	0	0	0	000000028993.jpg
2921	0	0	0	0	1	000000044652.jpg
1910	1	0	0	0	0	000000579307.jpg
1379	1	0	0	0	0	000000250137.jpg
2392	1	0	1	0	0	000000441468.jpg
1697	1	0	0	0	0	000000136334.jpg
1362	1	0	0	0	0	000000217285.jpg
1134	1	0	0	0	0	000000322944.jpg
380	1	0	1	0	0	000000042070.jpg
2745	0	0	1	0	0	000000514376.jpg
2581	1	0	0	1	0	000000245448.jpg
1536	1	0	0	0	1	000000144114.jpg
2124	1	0	0	0	0	000000383337.jpg
2810	0	0	1	0	0	000000078823.jpg
205	1	0	0	0	0	000000565853.jpg
955	1	0	0	0	0	000000133969.jpg
628	1	0	1	0	0	000000550691.jpg
859	1	0	1	0	0	000000395801.jpg
326	1	0	0	1	0	000000394199.jpg
1221	1	0	0	0	0	000000413404.jpg
2484	1	0	0	0	0	000000048555.jpg
2123	1	0	0	0	0	000000416104.jpg
2101	1	0	0	0	0	000000489764.jpg
1211	1	0	0	0	0	000000282298.jpg
2560	1	0	0	0	0	000000409211.jpg
2574	1	0	0	0	0	000000024243.jpg
1459	1	0	0	0	0	000000332351.jpg
1940	1	0	0	0	0	000000161609.jpg
1490	1	0	0	0	0	000000119445.jpg
2347	1	0	0	0	0	000000097278.jpg
1338	1	0	0	0	0	000000151657.jpg
2700	0	1	0	0	0	000000470173.jpg
1089	1	0	0	0	0	000000396518.jpg
1254	1	0	1	0	0	000000520009.jpg
669	1	0	0	0	0	000000108495.jpg
104	1	1	1	0	0	000000074058.jpg
2143	1	0	0	0	0	000000022935.jpg
560	1	0	0	0	0	000000575081.jpg
2773	0	0	1	0	0	000000180878.jpg
612	1	0	0	0	0	000000329455.jpg
1557	1	1	0	1	0	000000291634.jpg
2869	0	0	1	0	0	000000565012.jpg
2336	1	0	0	0	0	000000474078.jpg
1624	1	0	0	0	0	000000414673.jpg
19	1	0	0	0	0	000000434230.jpg
829	1	0	0	0	0	000000379332.jpg
2707	0	1	0	1	0	000000007386.jpg
1786	1	0	0	0	0	000000292225.jpg
2760	0	0	1	0	0	000000354829.jpg
1550	1	0	0	0	0	000000332570.jpg
1091	1	0	0	0	0	000000347370.jpg
706	1	0	0	0	0	000000239717.jpg
1493	1	0	0	0	0	000000152214.jpg
2411	1	0	0	0	0	000000285894.jpg
2751	0	0	1	0	0	000000088462.jpg
575	1	0	1	1	0	000000206487.jpg
2567	1	0	0	0	0	000000343706.jpg
2212	1	0	0	0	0	000000580197.jpg
1998	1	1	0	0	0	000000473118.jpg
2534	1	0	1	0	0	000000220732.jpg
1698	1	1	0	0	0	000000488592.jpg
2816	0	0	1	1	0	000000498709.jpg
718	1	0	0	0	0	000000133244.jpg
1322	1	0	0	0	0	000000159791.jpg
1390	1	0	0	0	0	000000217400.jpg
2631	1	0	0	0	0	000000081738.jpg
1844	1	0	0	0	0	000000276018.jpg
654	1	0	0	0	0	000000182155.jpg
573	1	1	0	0	0	000000378515.jpg
1026	1	0	0	0	0	000000535608.jpg
1807	1	0	0	0	0	000000087470.jpg
261	1	0	0	0	0	000000000785.jpg
2426	1	0	1	0	0	000000163057.jpg
1212	1	0	0	0	0	000000036539.jpg
320	1	0	0	0	0	000000140203.jpg
1767	1	0	0	0	0	000000554328.jpg
1972	1	0	1	0	0	000000464824.jpg
2628	1	0	0	0	0	000000212800.jpg
527	1	0	0	0	0	000000214539.jpg
1944	1	0	0	0	0	000000546659.jpg
1480	1	0	0	0	0	000000520832.jpg
2353	1	0	0	0	0	000000482319.jpg
2844	0	0	1	0	0	000000439623.jpg
2044	1	1	1	0	0	000000309391.jpg
164	1	0	0	0	0	000000360960.jpg
1871	1	0	1	0	0	000000259690.jpg
1527	1	0	0	0	0	000000094944.jpg
619	1	0	0	0	0	000000173830.jpg
1337	1	0	0	0	0	000000561256.jpg
1126	1	0	0	0	0	000000445792.jpg
1058	1	0	0	0	0	000000117908.jpg
2657	1	0	0	0	0	000000515982.jpg
2873	0	0	1	1	0	000000276284.jpg
847	1	0	0	0	0	000000084477.jpg
2805	0	0	1	0	0	000000379800.jpg
686	1	0	1	0	0	000000477227.jpg
2591	1	0	0	0	0	000000425702.jpg
2632	1	0	0	0	0	000000573258.jpg
369	1	0	0	0	0	000000271402.jpg
1383	1	0	0	0	0	000000127270.jpg
1519	1	0	0	0	0	000000447187.jpg
2621	1	0	0	0	0	000000040757.jpg
1954	1	0	0	0	0	000000489339.jpg
2110	1	0	0	0	0	000000284991.jpg
136	1	0	0	0	0	000000057760.jpg
516	1	0	0	0	0	000000099810.jpg
918	1	0	0	0	0	000000297698.jpg
2630	1	1	1	0	0	000000065350.jpg
1832	1	0	0	0	0	000000357888.jpg
2367	1	0	1	1	0	000000433204.jpg
1695	1	0	0	0	0	000000283785.jpg
2319	1	0	0	0	0	000000179112.jpg
2152	1	0	0	0	0	000000268729.jpg
929	1	0	0	0	0	000000051976.jpg
1554	1	0	0	0	0	000000160556.jpg
2466	1	0	0	0	0	000000048504.jpg
74	1	0	0	0	0	000000229601.jpg
1553	1	0	0	0	0	000000561958.jpg
1433	1	0	0	0	0	000000340451.jpg
910	1	0	0	0	0	000000363207.jpg
2871	0	0	1	0	0	000000479030.jpg
1541	1	0	0	0	0	000000553731.jpg
1590	1	0	0	0	0	000000054164.jpg
607	1	0	0	0	0	000000149222.jpg
1878	1	0	0	0	0	000000562818.jpg
2361	1	0	0	0	0	000000056350.jpg
2774	0	0	1	0	0	000000365207.jpg
1522	1	0	0	0	0	000000176857.jpg
2553	1	0	0	0	0	000000220764.jpg
1093	1	0	0	0	0	000000232684.jpg
376	1	0	0	0	0	000000484415.jpg
2371	1	0	0	0	0	000000236599.jpg
2296	1	0	0	0	0	000000211825.jpg
1906	1	0	0	0	0	000000521956.jpg
1578	1	0	0	0	0	000000357238.jpg
876	1	0	0	0	0	000000338532.jpg
78	1	0	0	0	0	000000352491.jpg
1448	1	0	1	0	0	000000553511.jpg
294	1	0	0	0	0	000000033638.jpg
232	1	0	0	0	0	000000361147.jpg
946	1	0	1	0	0	000000289594.jpg
1665	1	0	1	0	0	000000365642.jpg
188	1	0	0	0	0	000000295478.jpg
1277	1	0	0	0	0	000000470952.jpg
254	1	0	0	0	0	000000500478.jpg
1875	1	0	0	0	0	000000095862.jpg
1136	1	0	0	0	0	000000527750.jpg
1700	1	0	1	0	0	000000038048.jpg
236	1	0	0	0	0	000000565962.jpg
2728	0	0	1	0	0	000000534639.jpg
1403	1	0	0	0	0	000000012639.jpg
2960	0	0	0	0	1	000000101787.jpg
2566	1	0	0	0	0	000000384666.jpg
1793	1	0	0	0	0	000000021903.jpg
846	1	0	1	1	0	000000068093.jpg
2348	1	0	0	0	0	000000269316.jpg
1958	1	0	0	0	0	000000464786.jpg
2415	1	0	0	0	0	000000367818.jpg
476	1	0	0	0	0	000000066886.jpg
1888	1	0	0	0	0	000000112298.jpg
958	1	0	0	0	0	000000559956.jpg
2341	1	0	0	0	0	000000015335.jpg
1505	1	0	1	0	0	000000414385.jpg
1183	1	0	0	0	0	000000331317.jpg
2393	1	0	0	0	0	000000449661.jpg
981	1	0	0	0	0	000000248752.jpg
530	1	0	0	0	0	000000534041.jpg
2493	1	0	1	0	0	000000105923.jpg
2471	1	0	0	0	0	000000376206.jpg
808	1	0	0	0	0	000000338304.jpg
2285	1	0	1	0	0	000000580418.jpg
314	1	0	0	0	0	000000074646.jpg
2870	0	0	1	0	0	000000147223.jpg
391	1	0	0	0	0	000000042102.jpg
1761	1	0	1	0	0	000000570688.jpg
917	1	0	0	0	0	000000486112.jpg
1017	1	0	0	0	0	000000347174.jpg
1125	1	0	0	0	0	000000273760.jpg
2325	1	0	0	0	0	000000474028.jpg
2668	1	0	0	0	0	000000327592.jpg
1787	1	0	0	0	0	000000177539.jpg
815	1	0	0	0	0	000000199055.jpg
520	1	0	0	0	0	000000017905.jpg
1377	1	0	0	0	0	000000274708.jpg
1760	1	0	1	1	0	000000054593.jpg
867	1	0	0	0	0	000000109118.jpg
2490	1	0	0	0	0	000000163257.jpg
2771	0	0	1	0	0	000000076417.jpg
1279	1	0	0	0	0	000000479155.jpg
2317	1	0	1	0	0	000000293794.jpg
848	1	0	0	0	0	000000141821.jpg
1815	1	1	0	0	0	000000570834.jpg
2388	1	0	0	0	0	000000359540.jpg
2108	1	0	0	0	0	000000006460.jpg
1647	1	0	1	0	0	000000381971.jpg
913	1	0	0	0	0	000000150224.jpg
1153	1	0	0	0	0	000000257478.jpg
973	1	0	0	0	0	000000551820.jpg
2180	1	1	1	0	0	000000277005.jpg
388	1	0	0	0	0	000000271471.jpg
1060	1	0	0	0	0	000000281754.jpg
1454	1	0	0	0	0	000000389684.jpg
328	1	0	1	0	0	000000476119.jpg
2639	1	0	0	0	0	000000450399.jpg
1034	1	0	0	0	0	000000003156.jpg
2273	1	0	0	0	0	000000400161.jpg
965	1	0	0	0	0	000000527215.jpg
2409	1	0	0	0	0	000000122046.jpg
1080	1	0	0	0	0	000000232649.jpg
2929	0	0	0	0	1	000000567432.jpg
852	1	0	0	0	0	000000010764.jpg
2733	0	0	1	0	0	000000227511.jpg
739	1	0	0	0	0	000000362682.jpg
2570	1	0	0	0	0	000000360097.jpg
2286	1	0	0	0	0	000000121673.jpg
2233	1	0	0	0	0	000000400044.jpg
2548	1	0	0	0	0	000000581206.jpg
134	1	0	0	0	0	000000106912.jpg
1927	1	0	1	0	0	000000046872.jpg
2452	1	0	0	0	0	000000032081.jpg
934	1	0	0	0	0	000000117525.jpg
2619	1	0	0	0	0	000000442161.jpg
2304	1	0	0	0	0	000000334719.jpg
2289	1	0	0	0	0	000000523100.jpg
2481	1	0	0	0	0	000000261535.jpg
2018	1	0	1	0	0	000000505942.jpg
1147	1	0	0	0	0	000000454067.jpg
2332	1	0	0	0	0	000000170955.jpg
1563	1	0	0	0	0	000000258883.jpg
1817	1	0	0	0	0	000000210388.jpg
2211	1	0	0	0	0	000000252507.jpg
1252	1	0	0	0	0	000000388927.jpg
840	1	0	0	0	0	000000485844.jpg
2485	1	0	0	0	0	000000400815.jpg
270	1	0	0	0	0	000000287527.jpg
220	1	0	0	0	0	000000377486.jpg
588	1	0	0	0	0	000000132796.jpg
1144	1	0	0	0	0	000000183716.jpg
2179	1	0	0	0	0	000000358923.jpg
335	1	0	0	0	0	000000320490.jpg
1038	1	0	0	0	0	000000060507.jpg
696	1	0	0	0	0	000000157767.jpg
2469	1	0	0	0	0	000000064898.jpg
2928	0	0	0	0	1	000000553094.jpg
40	1	0	0	0	1	000000442480.jpg
1633	1	0	0	0	0	000000578545.jpg
1085	1	0	0	0	0	000000478420.jpg
1742	1	0	0	0	0	000000554266.jpg
663	1	0	1	0	0	000000255917.jpg
1776	1	1	1	1	0	000000357737.jpg
2835	0	0	1	0	0	000000201934.jpg
1070	1	0	0	0	0	000000527528.jpg
229	1	0	1	0	0	000000361142.jpg
725	1	0	0	0	0	000000510095.jpg
1052	1	0	1	0	0	000000142472.jpg
642	1	0	0	0	0	000000075612.jpg
80	1	0	0	0	0	000000458992.jpg
247	1	0	0	0	0	000000377588.jpg
305	1	1	1	0	0	000000295809.jpg
1122	1	0	0	0	0	000000257370.jpg
1001	1	0	0	0	0	000000019432.jpg
2890	0	0	0	1	0	000000321557.jpg
1973	1	0	0	0	0	000000153529.jpg
2088	1	0	0	0	0	000000145665.jpg
2940	0	0	0	0	1	000000110359.jpg
1088	1	0	0	0	0	000000158945.jpg
702	1	0	1	0	0	000000231508.jpg
2522	1	0	0	0	0	000000458255.jpg
1904	1	0	0	0	0	000000268000.jpg
948	1	0	0	0	0	000000281409.jpg
0	2	0	2	0	0	000000532481.jpg
1005	1	0	0	0	0	000000117744.jpg
1809	1	0	0	0	0	000000087476.jpg
240	1	0	0	0	0	000000099039.jpg
648	1	0	1	0	0	000000124798.jpg
664	1	0	0	0	0	000000288685.jpg
951	1	0	0	0	0	000000371529.jpg
169	1	1	0	0	0	000000549390.jpg
1124	1	0	0	0	0	000000183648.jpg
1104	1	0	0	0	0	000000494869.jpg
2936	0	0	0	0	1	000000098520.jpg
1658	1	0	0	0	0	000000463918.jpg
1747	1	0	0	0	0	000000570664.jpg
2307	1	0	0	0	0	000000088970.jpg
180	1	0	0	0	0	000000213547.jpg
290	1	0	0	0	0	000000557916.jpg
931	1	0	0	0	0	000000535306.jpg
504	1	0	0	0	0	000000230819.jpg
1651	1	0	0	0	0	000000234526.jpg
1833	1	0	0	0	0	000000243204.jpg
2053	1	0	1	0	0	000000243867.jpg
1429	1	0	0	0	0	000000520659.jpg
2170	1	0	0	0	0	000000326128.jpg
2546	1	0	0	0	0	000000015956.jpg
720	1	0	0	0	0	000000403584.jpg
1780	1	0	0	0	0	000000357748.jpg
1061	1	0	0	0	0	000000126107.jpg
1533	1	0	1	0	0	000000258793.jpg
1957	1	0	0	0	0	000000014226.jpg
1316	1	0	0	0	0	000000004134.jpg
2290	1	0	0	0	0	000000383838.jpg
2035	1	0	0	0	0	000000473219.jpg
187	1	0	0	0	0	000000254516.jpg
266	1	0	0	0	0	000000082715.jpg
1055	1	0	0	0	0	000000257169.jpg
2571	1	0	0	0	0	000000368294.jpg
2322	1	0	0	0	0	000000465836.jpg
30	1	0	0	0	0	000000122962.jpg
1257	1	0	0	0	0	000000044877.jpg
1245	1	1	0	0	0	000000388903.jpg
1573	1	0	0	0	0	000000226147.jpg
2461	1	0	1	0	0	000000433515.jpg
938	1	0	0	0	0	000000052007.jpg
1517	1	0	0	0	0	000000201426.jpg
1860	1	0	1	0	0	000000521819.jpg
695	1	0	0	0	0	000000026690.jpg
56	1	0	0	0	0	000000229553.jpg
1241	1	0	0	0	0	000000323355.jpg
468	1	0	0	0	0	000000288042.jpg
1750	1	0	0	0	0	000000300341.jpg
1325	1	0	0	0	0	000000561223.jpg
230	1	0	0	0	0	000000066231.jpg
1933	1	0	0	0	0	000000350002.jpg
191	1	0	1	0	0	000000287291.jpg
1811	1	0	0	0	0	000000136633.jpg
1570	1	0	0	0	0	000000209753.jpg
2661	1	0	0	0	0	000000393115.jpg
382	1	0	1	0	0	000000410712.jpg
2079	1	0	0	0	0	000000055528.jpg
2915	0	0	0	0	1	000000379453.jpg
2313	1	0	0	0	0	000000449432.jpg
705	1	0	0	0	0	000000329827.jpg
1814	1	0	0	0	0	000000013774.jpg
2912	0	0	0	0	1	000000525322.jpg
2623	1	0	0	0	0	000000032570.jpg
2012	1	0	0	0	0	000000579655.jpg
971	1	0	0	0	0	000000568195.jpg
2352	1	0	1	0	0	000000424975.jpg
1853	1	0	0	0	0	000000431693.jpg
994	1	0	0	0	0	000000388056.jpg
778	1	0	0	0	0	000000174371.jpg
523	1	0	0	0	0	000000263679.jpg
432	1	0	0	0	0	000000304365.jpg
1231	1	0	0	0	0	000000446206.jpg
2395	1	0	0	0	0	000000482436.jpg
2781	0	0	1	0	0	000000000724.jpg
332	1	0	0	0	0	000000017379.jpg
1881	1	0	0	0	0	000000128654.jpg
2785	0	0	1	0	0	000000459500.jpg
1622	1	0	0	1	0	000000291791.jpg
375	1	0	1	1	0	000000033854.jpg
362	1	0	0	0	0	000000443426.jpg
715	1	0	1	0	0	000000346232.jpg
105	1	0	0	0	0	000000123213.jpg
132	1	0	0	0	0	000000508312.jpg
470	1	0	0	0	0	000000386352.jpg
1013	1	0	0	0	0	000000068628.jpg
1030	1	0	0	0	0	000000453708.jpg
966	1	0	0	0	0	000000166768.jpg
2236	1	0	0	0	0	000000334521.jpg
203	1	0	0	0	0	000000033368.jpg
2173	1	0	0	0	0	000000367095.jpg
354	1	0	0	0	0	000000164885.jpg
1735	1	1	0	0	0	000000251140.jpg
1783	1	0	0	0	0	000000079229.jpg
2517	1	0	0	0	0	000000491008.jpg
1733	1	0	0	0	0	000000242946.jpg
1382	1	1	1	0	0	000000184611.jpg
34	1	0	0	0	0	000000213086.jpg
2210	1	0	0	0	0	000000531036.jpg
322	1	0	0	0	0	000000517056.jpg
296	1	0	1	0	0	000000549738.jpg
2203	1	0	0	0	0	000000064084.jpg
1921	1	0	0	0	0	000000431876.jpg
1064	1	0	0	0	0	000000281759.jpg
1976	1	0	0	0	0	000000399296.jpg
1528	1	0	0	0	0	000000529122.jpg
86	1	0	0	0	0	000000106757.jpg
795	1	0	0	0	0	000000182611.jpg
709	1	0	0	0	0	000000002153.jpg
1193	1	0	0	0	1	000000396903.jpg
2506	1	0	0	0	0	000000343524.jpg
1672	1	0	0	0	0	000000365655.jpg
803	1	0	0	0	0	000000100723.jpg
2298	1	0	0	0	0	000000228214.jpg
2754	0	0	1	0	0	000000414133.jpg
1000	1	0	0	0	0	000000207844.jpg
2697	0	1	0	0	0	000000242287.jpg
166	1	0	0	0	0	000000459272.jpg
2606	1	0	0	0	0	000000171788.jpg
50	1	0	0	0	0	000000082085.jpg
1111	1	0	0	0	0	000000273715.jpg
146	1	0	1	0	0	000000033221.jpg
1217	1	0	0	0	0	000000134856.jpg
2268	1	0	0	0	0	000000523033.jpg
457	1	0	0	0	0	000000345356.jpg
585	1	0	1	0	0	000000157365.jpg
761	1	1	0	0	0	000000059635.jpg
1022	1	0	0	0	0	000000420916.jpg
323	1	0	0	1	0	000000345027.jpg
1416	1	0	0	0	0	000000389532.jpg
2613	1	0	0	0	0	000000180011.jpg
2057	1	0	0	0	0	000000260261.jpg
2024	1	0	0	0	0	000000407650.jpg
2301	1	0	0	0	0	000000105335.jpg
1431	1	0	1	0	0	000000176606.jpg
1293	1	0	0	0	0	000000471023.jpg
1607	1	0	0	0	0	000000095155.jpg
675	1	0	0	0	0	000000427997.jpg
2714	0	1	1	0	0	000000174482.jpg
2231	1	0	0	0	0	000000121497.jpg
1971	1	1	0	0	0	000000153527.jpg
2868	0	0	1	0	0	000000438017.jpg
1741	1	0	0	0	0	000000202001.jpg
1353	1	0	0	0	0	000000266409.jpg
61	1	0	0	0	0	000000114884.jpg
2084	1	0	0	0	0	000000162035.jpg
567	1	0	0	0	0	000000271997.jpg
386	1	0	0	1	0	000000312421.jpg
1887	1	0	0	0	0	000000390826.jpg
2946	0	0	0	0	1	000000502599.jpg
2898	0	0	0	1	0	000000408830.jpg
1755	1	0	0	0	0	000000365886.jpg
1402	1	0	0	0	0	000000463199.jpg
1037	1	0	0	0	0	000000199771.jpg
707	1	0	0	0	0	000000477288.jpg
1537	1	0	0	0	0	000000250619.jpg
763	1	0	0	0	0	000000559348.jpg
1198	1	0	0	0	0	000000372349.jpg
844	1	0	0	0	0	000000477689.jpg
555	1	0	1	0	0	000000026204.jpg
424	1	0	1	0	0	000000017627.jpg
1508	1	0	0	0	0	000000463542.jpg
2712	0	1	0	0	0	000000185157.jpg
1898	1	0	1	1	0	000000423617.jpg
2582	1	0	0	0	0	000000360137.jpg
2812	0	0	1	0	0	000000015338.jpg
843	1	0	0	0	0	000000002532.jpg
389	1	0	0	0	0	000000410735.jpg
2854	0	0	1	0	0	000000427500.jpg
2431	1	0	0	0	0	000000195842.jpg
865	1	0	0	0	0	000000576052.jpg
2	1	0	0	0	0	000000385029.jpg
2509	1	1	0	0	0	000000458223.jpg
2190	1	0	1	0	0	000000408120.jpg
1909	1	0	0	0	0	000000235241.jpg
413	1	0	0	0	0	000000459954.jpg
1862	1	0	0	0	0	000000357978.jpg
1156	1	0	1	1	0	000000224724.jpg
1936	1	0	0	0	0	000000276285.jpg
1258	1	0	0	0	0	000000061268.jpg
1953	1	0	0	0	0	000000440184.jpg
186	1	0	0	0	1	000000524850.jpg
1629	1	0	0	0	0	000000422886.jpg
841	1	0	0	0	0	000000010707.jpg
1004	1	0	0	0	0	000000125936.jpg
2389	1	0	0	0	0	000000498807.jpg
701	1	1	0	0	0	000000428111.jpg
1410	1	1	1	0	0	000000577932.jpg
1835	1	0	0	0	0	000000259597.jpg
1087	1	0	0	0	0	000000412894.jpg
2382	1	0	0	0	0	000000441442.jpg
2155	1	0	1	0	0	000000563653.jpg
321	1	0	0	0	0	000000312237.jpg
552	1	0	0	0	0	000000230993.jpg
1674	1	0	0	0	0	000000021604.jpg
794	1	0	0	0	0	000000018770.jpg
1167	1	0	0	0	0	000000290293.jpg
1922	1	0	0	0	0	000000448263.jpg
2500	1	0	0	0	0	000000024021.jpg
947	1	0	0	0	0	000000314177.jpg
410	1	0	0	1	0	000000214192.jpg
1113	1	0	0	0	0	000000494913.jpg
1918	1	0	1	1	0	000000538364.jpg
1928	1	0	1	0	0	000000284445.jpg
2927	0	0	0	0	1	000000383621.jpg
916	1	0	0	0	0	000000486104.jpg
2908	0	0	0	1	0	000000149406.jpg
1737	1	0	0	0	0	000000161032.jpg
2109	1	0	1	1	0	000000579902.jpg
2741	0	0	1	0	0	000000141597.jpg
379	1	0	0	0	0	000000361551.jpg
151	1	0	0	0	0	000000074200.jpg
346	1	0	0	0	0	000000025603.jpg
1306	1	0	0	0	0	000000045070.jpg
366	1	0	0	0	0	000000189475.jpg
250	1	0	0	0	0	000000164602.jpg
2569	1	0	0	0	0	000000384670.jpg
70	1	0	0	0	0	000000114907.jpg
510	1	0	1	0	0	000000132544.jpg
1606	1	0	0	0	0	000000086956.jpg
1721	1	0	0	0	0	000000488673.jpg
807	1	0	0	0	0	000000002431.jpg
1421	1	0	0	0	0	000000455085.jpg
481	1	0	0	0	0	000000189775.jpg
2689	1	0	0	0	0	000000098287.jpg
2842	0	0	1	0	0	000000308531.jpg
1640	1	0	0	0	0	000000160772.jpg
861	1	0	0	0	0	000000125472.jpg
2711	0	1	1	0	0	000000224051.jpg
383	1	0	1	0	0	000000377946.jpg
1931	1	0	0	0	0	000000415536.jpg
2308	1	0	0	0	0	000000236426.jpg
617	1	0	0	0	0	000000050943.jpg
518	1	0	0	0	0	000000132587.jpg
1012	1	0	1	0	0	000000273420.jpg
401	1	0	0	0	0	000000115870.jpg
1345	1	0	0	0	0	000000200839.jpg
1309	1	0	0	0	0	000000479248.jpg
1471	1	0	1	0	0	000000373353.jpg
1728	1	0	0	0	0	000000472298.jpg
1072	1	0	0	0	0	000000289960.jpg
1420	1	0	0	0	0	000000250282.jpg
1267	1	0	0	0	0	000000413552.jpg
2529	1	0	0	0	0	000000130599.jpg
1473	1	0	0	0	0	000000447088.jpg
2556	1	0	0	0	0	000000261732.jpg
665	1	0	0	0	0	000000239537.jpg
2811	0	0	1	0	0	000000523241.jpg
963	1	0	0	0	0	000000035682.jpg
1520	1	0	0	0	0	000000029397.jpg
2879	0	0	1	0	0	000000147338.jpg
2730	0	0	1	0	0	000000198805.jpg
666	1	0	0	0	0	000000092091.jpg
64	1	0	1	0	0	000000303305.jpg
84	1	0	0	0	0	000000426241.jpg
2156	1	0	0	0	0	000000514508.jpg
721	1	0	0	0	0	000000297084.jpg
2763	0	0	1	0	0	000000170545.jpg
1718	1	0	0	0	0	000000423123.jpg
2049	1	0	0	0	0	000000080022.jpg
1857	1	1	0	0	0	000000226903.jpg
45	1	0	0	0	0	000000450686.jpg
411	1	0	0	0	0	000000279730.jpg
1765	1	0	0	0	0	000000456015.jpg
870	1	0	0	0	0	000000199236.jpg
2059	1	0	0	0	0	000000022705.jpg
1158	1	0	0	0	0	000000060886.jpg
537	1	0	0	0	0	000000140840.jpg
2887	0	0	1	0	0	000000323571.jpg
643	1	0	1	0	0	000000313182.jpg
2297	1	0	0	0	0	000000187249.jpg
2918	0	0	0	0	1	000000196185.jpg
1487	1	0	0	0	0	000000512657.jpg
992	1	0	0	0	0	000000117719.jpg
1041	1	0	1	0	0	000000511076.jpg
2826	0	0	1	0	0	000000232538.jpg
2396	1	0	0	0	0	000000507015.jpg
895	1	0	0	0	0	000000060052.jpg
433	1	0	0	1	0	000000574702.jpg
605	1	0	1	0	1	000000493286.jpg
412	1	0	0	1	0	000000246963.jpg
2338	1	0	0	0	0	000000187362.jpg
449	1	0	0	0	0	000000378116.jpg
2258	1	0	0	0	0	000000293625.jpg
1653	1	0	0	0	1	000000013348.jpg
2016	1	0	0	0	0	000000563281.jpg
1496	1	0	0	0	0	000000193181.jpg
650	1	0	0	0	0	000000493442.jpg
2476	1	0	0	0	0	000000548246.jpg
634	1	0	0	0	0	000000386879.jpg
1983	1	0	0	0	0	000000210915.jpg
583	1	0	0	0	0	000000214703.jpg
1959	1	0	0	0	0	000000137106.jpg
1710	1	0	0	0	0	000000292024.jpg
1631	1	0	0	0	0	000000447465.jpg
1347	1	0	0	0	0	000000454798.jpg
719	1	0	0	0	0	000000411774.jpg
1671	1	0	0	0	0	000000422998.jpg
2850	0	0	1	0	0	000000089556.jpg
425	1	0	0	0	0	000000279774.jpg
922	1	0	0	0	0	000000273132.jpg
295	1	0	0	0	0	000000000872.jpg
1692	1	1	0	0	0	000000185472.jpg
730	1	0	0	0	0	000000305309.jpg
2803	0	0	1	0	0	000000222094.jpg
2441	1	0	0	0	0	000000032038.jpg
825	1	0	0	0	0	000000420281.jpg
1287	1	0	0	1	0	000000102356.jpg
2906	0	0	0	1	0	000000293245.jpg
98	1	0	0	0	0	000000205105.jpg
2158	1	0	0	0	0	000000047571.jpg
2222	1	0	0	0	0	000000367228.jpg
2573	1	0	0	0	0	000000548524.jpg
2749	0	0	1	1	0	000000426372.jpg
2137	1	0	1	0	0	000000031118.jpg
1825	1	0	0	0	0	000000112110.jpg
1406	1	0	0	0	0	000000053624.jpg
1605	1	0	0	0	0	000000201646.jpg
901	1	0	0	0	0	000000076468.jpg
2366	1	0	0	0	0	000000547886.jpg
282	1	0	0	0	0	000000172877.jpg
1549	1	0	0	0	0	000000496409.jpg
139	1	0	0	0	0	000000156076.jpg
211	1	0	0	0	0	000000557672.jpg
1635	1	0	0	0	0	000000242678.jpg
2208	1	0	0	0	0	000000031322.jpg
2824	0	0	1	0	0	000000496722.jpg
609	1	0	0	0	0	000000067310.jpg
68	1	0	0	0	0	000000016598.jpg
367	1	0	0	0	0	000000549930.jpg
2801	0	0	1	0	0	000000500613.jpg
1942	1	0	0	0	0	000000538458.jpg
374	1	0	0	0	0	000000181303.jpg
1684	1	0	0	0	0	000000152686.jpg
1206	1	0	0	0	0	000000077460.jpg
1132	1	0	0	0	0	000000183675.jpg
2080	1	0	0	0	0	000000465129.jpg
1154	1	0	0	0	0	000000142790.jpg
660	1	0	0	0	0	000000452515.jpg
1837	1	0	1	0	0	000000513567.jpg
2136	1	0	0	0	0	000000407943.jpg
1408	1	0	0	0	0	000000012670.jpg
2694	0	1	1	0	0	000000476704.jpg
2377	1	0	0	1	0	000000031817.jpg
2254	1	0	0	0	0	000000514797.jpg
1465	1	0	0	0	0	000000438862.jpg
2737	0	0	1	0	0	000000022755.jpg
2717	0	1	0	0	0	000000036844.jpg
2775	0	0	1	0	0	000000244379.jpg
2446	1	0	0	0	0	000000376112.jpg
1994	1	0	0	0	0	000000260106.jpg
3	1	0	0	0	0	000000311303.jpg
1407	1	0	0	0	0	000000053626.jpg
463	1	0	0	0	0	000000402720.jpg
1939	1	1	1	1	0	000000350023.jpg
2880	0	0	1	0	0	000000542625.jpg
2664	1	0	0	0	0	000000049060.jpg
153	1	0	0	0	0	000000025057.jpg
1315	1	1	0	1	0	000000356387.jpg
1283	1	0	0	1	0	000000102331.jpg
1930	1	0	0	0	0	000000030504.jpg
115	1	0	0	0	0	000000393569.jpg
1610	1	0	0	0	0	000000168883.jpg
2743	0	0	1	0	0	000000026926.jpg
2082	1	0	0	0	0	000000309484.jpg
233	1	0	0	0	0	000000402118.jpg
2257	1	0	0	0	0	000000121591.jpg
1230	1	0	0	0	0	000000470779.jpg
724	1	0	0	0	0	000000542856.jpg
970	1	0	0	0	0	000000199551.jpg
2532	1	0	1	0	0	000000196141.jpg
2271	1	0	1	0	0	000000506656.jpg
2397	1	0	0	0	0	000000384136.jpg
1886	1	0	0	0	0	000000480936.jpg
1608	1	0	0	0	0	000000422836.jpg
2722	0	0	1	0	0	000000014380.jpg
2905	0	0	0	1	0	000000279887.jpg
2815	0	0	1	0	1	000000404479.jpg
1559	1	0	0	0	0	000000037689.jpg
1619	1	0	0	0	0	000000373705.jpg
898	1	0	0	1	0	000000019109.jpg
2224	1	0	0	0	0	000000236166.jpg
1965	1	0	0	0	0	000000194471.jpg
147	1	0	0	0	0	000000401862.jpg
1925	1	1	0	0	0	000000374545.jpg
2424	1	0	0	0	0	000000539883.jpg
2354	1	0	0	0	0	000000039951.jpg
2762	0	0	1	0	0	000000305695.jpg
767	1	0	0	0	0	000000092416.jpg
1262	1	0	1	0	0	000000274272.jpg
914	1	0	0	0	0	000000223955.jpg
988	1	0	0	0	0	000000289741.jpg
511	1	0	0	0	0	000000443844.jpg
1207	1	0	0	0	0	000000052891.jpg
2114	1	0	0	0	0	000000235836.jpg
2860	0	0	1	0	0	000000433774.jpg
906	1	0	1	0	0	000000338624.jpg
2913	0	0	0	0	1	000000452122.jpg
740	1	0	0	1	0	000000297147.jpg
1039	1	0	0	0	0	000000183391.jpg
868	1	1	0	0	0	000000289343.jpg
2146	1	0	0	0	0	000000424349.jpg
99	1	0	1	0	0	000000565563.jpg
2747	0	0	1	0	0	000000301421.jpg
827	1	0	0	0	0	000000567740.jpg
114	1	0	1	0	0	000000475484.jpg
355	1	0	0	0	0	000000058393.jpg
1912	1	1	0	0	0	000000055022.jpg
1763	1	0	0	0	0	000000054605.jpg
2093	1	0	0	0	0	000000243989.jpg
1359	1	0	0	0	0	000000528578.jpg
853	1	0	1	0	0	000000084492.jpg
1016	1	0	0	0	0	000000486438.jpg
1988	1	0	0	0	0	000000317433.jpg
2885	0	0	1	0	0	000000458702.jpg
911	1	0	0	0	0	000000412362.jpg
2917	0	0	0	0	1	000000579158.jpg
545	1	0	1	0	0	000000181816.jpg
2060	1	0	1	0	0	000000334006.jpg
155	1	0	0	0	0	000000336356.jpg
2934	0	0	0	0	1	000000214205.jpg
2121	1	0	0	0	0	000000112997.jpg
2765	0	0	1	0	0	000000006723.jpg
697	1	0	0	0	0	000000215114.jpg
1869	1	0	0	0	0	000000472678.jpg
2633	1	0	0	0	0	000000008021.jpg
302	1	0	0	0	0	000000377723.jpg
1642	1	0	0	0	0	000000324614.jpg
2577	1	0	0	0	0	000000081594.jpg
351	1	0	1	0	0	000000566282.jpg
490	1	0	0	0	0	000000116068.jpg
1174	1	1	0	0	0	000000093717.jpg
637	1	0	0	0	0	000000288584.jpg
978	1	0	0	0	0	000000314264.jpg
216	1	0	0	0	0	000000311928.jpg
1846	1	1	0	0	0	000000259640.jpg
1899	1	1	1	0	0	000000177861.jpg
2520	1	1	0	0	0	000000343561.jpg
2647	1	0	0	0	0	000000016249.jpg
2042	1	0	0	0	0	000000415882.jpg
1191	1	0	0	0	0	000000364126.jpg
1544	1	0	0	0	0	000000504589.jpg
1469	1	0	1	0	0	000000504415.jpg
2009	1	0	0	0	0	000000161861.jpg
1492	1	0	0	0	0	000000094871.jpg
2945	0	0	0	0	1	000000131386.jpg
2386	1	0	1	0	0	000000564336.jpg
149	1	1	0	0	0	000000508370.jpg
173	1	0	0	0	0	000000205333.jpg
1063	1	0	0	0	0	000000126110.jpg
822	1	0	0	0	0	000000043435.jpg
506	1	0	0	0	0	000000378284.jpg
644	1	0	0	0	0	000000386912.jpg
2752	0	0	1	0	0	000000283037.jpg
20	1	0	0	0	0	000000475191.jpg
615	1	0	0	0	0	000000239347.jpg
1460	1	0	0	0	0	000000537153.jpg
714	1	0	0	0	0	000000051314.jpg
306	1	0	0	0	0	000000312192.jpg
549	1	0	0	0	0	000000206411.jpg
1937	1	0	0	0	0	000000350019.jpg
1707	1	0	0	0	0	000000365745.jpg
866	1	0	0	0	0	000000535094.jpg
1268	1	0	0	0	0	000000110449.jpg
1308	1	0	0	0	0	000000528399.jpg
940	1	0	0	0	0	000000248616.jpg
2172	1	0	0	0	0	000000563702.jpg
1289	1	0	0	0	0	000000307172.jpg
1075	1	0	0	0	0	000000191672.jpg
2221	1	0	0	1	0	000000203389.jpg
2656	1	0	0	0	0	000000311180.jpg
1440	1	0	0	0	0	000000029187.jpg
1069	1	0	0	0	0	000000494759.jpg
399	1	0	0	0	0	000000427160.jpg
10	1	0	0	0	0	000000401446.jpg
2369	1	0	0	0	0	000000474167.jpg
1	1	0	0	0	0	000000458755.jpg
1543	1	0	0	0	0	000000512776.jpg
2105	1	0	1	0	0	000000383289.jpg
2872	0	0	1	0	0	000000155451.jpg
924	1	0	0	0	0	000000150265.jpg
1264	1	0	0	0	0	000000257896.jpg
1435	1	0	1	0	0	000000111086.jpg
52	1	0	0	0	0	000000524456.jpg
2863	0	0	1	0	0	000000480944.jpg
733	1	0	0	0	0	000000182441.jpg
1486	1	0	0	0	0	000000266892.jpg
455	1	0	0	0	0	000000001296.jpg
2118	1	0	0	0	0	000000006471.jpg
2793	0	0	1	0	0	000000344888.jpg
1278	1	0	0	0	0	000000323496.jpg
521	1	0	0	0	0	000000108026.jpg
2293	1	0	0	0	0	000000039785.jpg
1682	1	0	0	0	0	000000398438.jpg
31	1	0	1	0	0	000000098392.jpg
2405	1	0	1	0	0	000000343218.jpg
2750	0	0	1	0	0	000000168330.jpg
631	1	0	0	0	0	000000321333.jpg
2513	1	0	0	0	0	000000376307.jpg
1204	1	0	0	0	0	000000568981.jpg
496	1	0	0	0	0	000000157046.jpg
1585	1	1	0	0	0	000000005001.jpg
1003	1	0	0	0	0	000000248810.jpg
1323	1	0	0	0	0	000000462904.jpg
1019	1	0	0	0	0	000000027696.jpg
269	1	0	0	0	0	000000377635.jpg
1317	1	0	1	0	0	000000397351.jpg
2056	1	0	0	0	0	000000227491.jpg
297	1	0	0	0	0	000000574315.jpg
1848	1	0	0	0	0	000000398905.jpg
1532	1	0	0	0	0	000000488166.jpg
377	1	0	0	0	0	000000427077.jpg
1010	1	0	0	0	0	000000404484.jpg
1951	1	0	0	0	0	000000456559.jpg
2264	1	0	0	0	0	000000080659.jpg
800	1	0	0	0	0	000000280930.jpg
1195	1	0	0	0	0	000000511599.jpg
2808	0	0	1	0	0	000000326627.jpg
2209	1	0	0	0	0	000000367195.jpg
2857	0	0	1	0	0	000000001532.jpg
1907	1	0	0	0	0	000000079588.jpg
2528	1	0	0	0	0	000000523807.jpg
824	1	0	0	0	0	000000559543.jpg
313	1	0	0	0	0	000000172946.jpg
2444	1	0	0	0	0	000000163117.jpg
1335	1	0	0	0	0	000000192607.jpg
2748	0	0	1	0	0	000000553339.jpg
292	1	0	0	0	0	000000369503.jpg
1367	1	0	0	0	0	000000545007.jpg
1065	1	0	0	0	0	000000445602.jpg
444	1	0	0	0	0	000000476415.jpg
584	1	0	0	0	0	000000403122.jpg
2616	1	0	0	0	0	000000122672.jpg
744	1	0	0	0	0	000000125129.jpg
228	1	0	0	0	0	000000459437.jpg
2962	0	0	0	0	1	000000490413.jpg
1358	1	0	0	0	0	000000110784.jpg
315	1	0	0	0	0	000000328601.jpg
47	1	0	0	0	0	000000270474.jpg
771	1	0	0	0	0	000000084241.jpg
2265	1	0	0	0	0	000000236308.jpg
855	1	0	0	0	0	000000551439.jpg
277	1	0	0	0	0	000000508730.jpg
2107	1	0	0	1	0	000000194875.jpg
734	1	0	0	0	0	000000411817.jpg
2432	1	0	0	0	1	000000425221.jpg
2865	0	0	1	1	0	000000456394.jpg
999	1	0	0	0	0	000000535523.jpg
1813	1	0	0	0	0	000000243148.jpg
2311	1	0	0	0	0	000000326542.jpg
647	1	0	0	0	0	000000198510.jpg
373	1	0	0	0	0	000000574520.jpg
606	1	0	0	0	0	000000173799.jpg
572	1	0	0	1	0	000000165518.jpg
676	1	0	0	0	0	000000468965.jpg
404	1	0	0	0	0	000000566436.jpg
2428	1	0	0	0	0	000000531707.jpg
2205	1	0	0	0	0	000000023126.jpg
2171	1	0	0	0	0	000000031217.jpg
